<?xml version="1.0" encoding="UTF-8"?>
<robot generator="Robot 3.1.2 (Python 3.7.7 on win32)" generated="20200503 19:35:05.902" rpa="false">
<suite id="s1" name="NavigatieHoofdMenu" source="C:\Users\Gebruiker\OneDrive\GitHub\RF_petanqueinschrijven\tests\NavigatieHoofdMenu.robot">
<test id="s1-t1" name="Make sure user if logged off before we start">
<kw name="Begin Web Test" library="Common" type="setup">
<kw name="Open Browser" library="SeleniumLibrary">
<doc>Opens a new browser instance to the optional ``url``.</doc>
<arguments>
<arg>${URL}</arg>
<arg>${BROWSER}</arg>
</arguments>
<msg timestamp="20200503 19:35:09.245" level="INFO">Opening browser 'chrome' to base url 'https://www.petanqueinschrijven.com/boulamis'.</msg>
<status status="PASS" starttime="20200503 19:35:09.244" endtime="20200503 19:35:24.266"></status>
</kw>
<kw name="Maximize Browser Window" library="SeleniumLibrary">
<doc>Maximizes current browser window.</doc>
<status status="PASS" starttime="20200503 19:35:24.266" endtime="20200503 19:35:29.104"></status>
</kw>
<status status="PASS" starttime="20200503 19:35:09.240" endtime="20200503 19:35:29.105"></status>
</kw>
<kw name="Go To" library="SeleniumLibrary">
<doc>Navigates the current browser window to the provided ``url``.</doc>
<arguments>
<arg>${URL}</arg>
</arguments>
<msg timestamp="20200503 19:35:29.137" level="INFO">Opening url 'https://www.petanqueinschrijven.com/boulamis'</msg>
<status status="PASS" starttime="20200503 19:35:29.136" endtime="20200503 19:35:30.129"></status>
</kw>
<kw name="Verify user is logged off" library="OntipApp">
<kw name="Verify optie &quot;Aanloggen&quot;" library="MainPage">
<kw name="Select Window" library="SeleniumLibrary">
<doc>DEPRECATED in SeleniumLibrary 4.0. , use `Switch Window` instead.</doc>
<status status="PASS" starttime="20200503 19:35:30.136" endtime="20200503 19:35:30.275"></status>
</kw>
<kw name="Page Should Contain Element" library="SeleniumLibrary">
<doc>Verifies that element ``locator`` is found on the current page.</doc>
<arguments>
<arg>${MENU_OPTION_AANLOGGEN}</arg>
</arguments>
<msg timestamp="20200503 19:35:30.348" level="INFO">Current page contains element 'xpath=/html/body/div/table/tbody/tr/td[1]/table/tbody/tr[1]/td[2]'.</msg>
<status status="PASS" starttime="20200503 19:35:30.275" endtime="20200503 19:35:30.349"></status>
</kw>
<kw name="Get Text" library="SeleniumLibrary">
<doc>Returns the text value of the element identified by ``locator``.</doc>
<arguments>
<arg>${MENU_OPTION_AANLOGGEN}</arg>
</arguments>
<assign>
<var>${menu_option_text}</var>
</assign>
<msg timestamp="20200503 19:35:30.465" level="INFO">${menu_option_text} = Aanloggen</msg>
<status status="PASS" starttime="20200503 19:35:30.349" endtime="20200503 19:35:30.465"></status>
</kw>
<kw name="Log" library="BuiltIn">
<doc>Logs the given message with the given level.</doc>
<arguments>
<arg>${menu_option_text}</arg>
</arguments>
<msg timestamp="20200503 19:35:30.467" level="INFO">Aanloggen</msg>
<status status="PASS" starttime="20200503 19:35:30.466" endtime="20200503 19:35:30.467"></status>
</kw>
<kw name="Run Keyword If" library="BuiltIn">
<doc>Runs the given keyword with the given arguments, if ``condition`` is true.</doc>
<arguments>
<arg>'${menu_option_text}' != 'Aanloggen'</arg>
<arg>Kies Optie "Afloggen"</arg>
</arguments>
<status status="PASS" starttime="20200503 19:35:30.468" endtime="20200503 19:35:30.468"></status>
</kw>
<status status="PASS" starttime="20200503 19:35:30.135" endtime="20200503 19:35:30.469"></status>
</kw>
<status status="PASS" starttime="20200503 19:35:30.134" endtime="20200503 19:35:30.469"></status>
</kw>
<kw name="End Web test" library="Common" type="teardown">
<kw name="Close Browser" library="SeleniumLibrary">
<doc>Closes the current browser.</doc>
<status status="PASS" starttime="20200503 19:35:30.478" endtime="20200503 19:35:46.770"></status>
</kw>
<status status="PASS" starttime="20200503 19:35:30.477" endtime="20200503 19:35:46.770"></status>
</kw>
<tags>
<tag>test1</tag>
</tags>
<status status="PASS" starttime="20200503 19:35:09.223" endtime="20200503 19:35:46.773" critical="yes"></status>
</test>
<test id="s1-t2" name="Verify Menu Option Aanloggen">
<kw name="Begin Web Test" library="Common" type="setup">
<kw name="Open Browser" library="SeleniumLibrary">
<doc>Opens a new browser instance to the optional ``url``.</doc>
<arguments>
<arg>${URL}</arg>
<arg>${BROWSER}</arg>
</arguments>
<msg timestamp="20200503 19:35:46.793" level="INFO">Opening browser 'chrome' to base url 'https://www.petanqueinschrijven.com/boulamis'.</msg>
<status status="PASS" starttime="20200503 19:35:46.792" endtime="20200503 19:36:03.216"></status>
</kw>
<kw name="Maximize Browser Window" library="SeleniumLibrary">
<doc>Maximizes current browser window.</doc>
<status status="PASS" starttime="20200503 19:36:03.216" endtime="20200503 19:36:07.706"></status>
</kw>
<status status="PASS" starttime="20200503 19:35:46.791" endtime="20200503 19:36:07.706"></status>
</kw>
<kw name="Aanloggen Met User En Wachtwoord" library="OntipApp">
<arguments>
<arg>${user}</arg>
<arg>${password}</arg>
</arguments>
<kw name="Verify optie &quot;Aanloggen&quot;" library="MainPage">
<kw name="Select Window" library="SeleniumLibrary">
<doc>DEPRECATED in SeleniumLibrary 4.0. , use `Switch Window` instead.</doc>
<status status="PASS" starttime="20200503 19:36:07.732" endtime="20200503 19:36:07.854"></status>
</kw>
<kw name="Page Should Contain Element" library="SeleniumLibrary">
<doc>Verifies that element ``locator`` is found on the current page.</doc>
<arguments>
<arg>${MENU_OPTION_AANLOGGEN}</arg>
</arguments>
<msg timestamp="20200503 19:36:07.914" level="INFO">Current page contains element 'xpath=/html/body/div/table/tbody/tr/td[1]/table/tbody/tr[1]/td[2]'.</msg>
<status status="PASS" starttime="20200503 19:36:07.855" endtime="20200503 19:36:07.914"></status>
</kw>
<kw name="Get Text" library="SeleniumLibrary">
<doc>Returns the text value of the element identified by ``locator``.</doc>
<arguments>
<arg>${MENU_OPTION_AANLOGGEN}</arg>
</arguments>
<assign>
<var>${menu_option_text}</var>
</assign>
<msg timestamp="20200503 19:36:08.073" level="INFO">${menu_option_text} = Aanloggen</msg>
<status status="PASS" starttime="20200503 19:36:07.915" endtime="20200503 19:36:08.073"></status>
</kw>
<kw name="Log" library="BuiltIn">
<doc>Logs the given message with the given level.</doc>
<arguments>
<arg>${menu_option_text}</arg>
</arguments>
<msg timestamp="20200503 19:36:08.074" level="INFO">Aanloggen</msg>
<status status="PASS" starttime="20200503 19:36:08.074" endtime="20200503 19:36:08.075"></status>
</kw>
<kw name="Run Keyword If" library="BuiltIn">
<doc>Runs the given keyword with the given arguments, if ``condition`` is true.</doc>
<arguments>
<arg>'${menu_option_text}' != 'Aanloggen'</arg>
<arg>Kies Optie "Afloggen"</arg>
</arguments>
<status status="PASS" starttime="20200503 19:36:08.075" endtime="20200503 19:36:08.077"></status>
</kw>
<status status="PASS" starttime="20200503 19:36:07.727" endtime="20200503 19:36:08.077"></status>
</kw>
<kw name="Kies Optie &quot;Aanloggen&quot;" library="MainPage">
<kw name="Click Element" library="SeleniumLibrary">
<doc>Click the element identified by ``locator``.</doc>
<arguments>
<arg>${MENU_OPTION_AANLOGGEN}</arg>
</arguments>
<msg timestamp="20200503 19:36:08.080" level="INFO">Clicking element 'xpath=/html/body/div/table/tbody/tr/td[1]/table/tbody/tr[1]/td[2]'.</msg>
<status status="PASS" starttime="20200503 19:36:08.079" endtime="20200503 19:36:08.487"></status>
</kw>
<status status="PASS" starttime="20200503 19:36:08.078" endtime="20200503 19:36:08.488"></status>
</kw>
<kw name="Verify Page Loaded" library="Aanloggen">
<kw name="Wait Until Page Contains Element" library="SeleniumLibrary">
<doc>Waits until the element ``locator`` appears on the current page.</doc>
<arguments>
<arg>${PAGE_FRAME_MAIN}</arg>
</arguments>
<status status="PASS" starttime="20200503 19:36:08.489" endtime="20200503 19:36:08.620"></status>
</kw>
<kw name="Select Frame" library="SeleniumLibrary">
<doc>Sets frame identified by ``locator`` as the current frame.</doc>
<arguments>
<arg>${PAGE_FRAME_MAIN}</arg>
</arguments>
<msg timestamp="20200503 19:36:08.622" level="INFO">Selecting frame 'xpath=//iframe[@name='main']'.</msg>
<status status="PASS" starttime="20200503 19:36:08.621" endtime="20200503 19:36:09.196"></status>
</kw>
<kw name="Sleep" library="BuiltIn">
<doc>Pauses the test executed for the given time.</doc>
<arguments>
<arg>2s</arg>
</arguments>
<msg timestamp="20200503 19:36:11.198" level="INFO">Slept 2 seconds</msg>
<status status="PASS" starttime="20200503 19:36:09.197" endtime="20200503 19:36:11.199"></status>
</kw>
<kw name="Wait Until Page Contains Element" library="SeleniumLibrary">
<doc>Waits until the element ``locator`` appears on the current page.</doc>
<arguments>
<arg>${AANLOGGEN_INPUT_HEADER_TEXT}</arg>
</arguments>
<status status="PASS" starttime="20200503 19:36:11.199" endtime="20200503 19:36:11.240"></status>
</kw>
<kw name="Element Text Should Be" library="SeleniumLibrary">
<doc>Verifies that element ``locator`` contains exact the text ``expected``.</doc>
<arguments>
<arg>${AANLOGGEN_INPUT_HEADER_TEXT}</arg>
<arg>Vul hier je toegangscode en wachtwoord in</arg>
</arguments>
<msg timestamp="20200503 19:36:11.241" level="INFO">Verifying element 'xpath=/html/body/form/center/table/tbody/tr[1]/td[2]' contains exact text 'Vul hier je toegangscode en wachtwoord in'.</msg>
<status status="PASS" starttime="20200503 19:36:11.240" endtime="20200503 19:36:11.367"></status>
</kw>
<status status="PASS" starttime="20200503 19:36:08.488" endtime="20200503 19:36:11.368"></status>
</kw>
<kw name="User Login with Valid Credentials" library="Aanloggen">
<arguments>
<arg>${user}</arg>
<arg>${password}</arg>
</arguments>
<kw name="Select Window" library="SeleniumLibrary">
<doc>DEPRECATED in SeleniumLibrary 4.0. , use `Switch Window` instead.</doc>
<status status="PASS" starttime="20200503 19:36:11.369" endtime="20200503 19:36:11.466"></status>
</kw>
<kw name="Wait Until Page Contains Element" library="SeleniumLibrary">
<doc>Waits until the element ``locator`` appears on the current page.</doc>
<arguments>
<arg>${PAGE_FRAME_MAIN}</arg>
</arguments>
<status status="PASS" starttime="20200503 19:36:11.467" endtime="20200503 19:36:11.505"></status>
</kw>
<kw name="Select Frame" library="SeleniumLibrary">
<doc>Sets frame identified by ``locator`` as the current frame.</doc>
<arguments>
<arg>${PAGE_FRAME_MAIN}</arg>
</arguments>
<msg timestamp="20200503 19:36:11.506" level="INFO">Selecting frame 'xpath=//iframe[@name='main']'.</msg>
<status status="PASS" starttime="20200503 19:36:11.505" endtime="20200503 19:36:11.594"></status>
</kw>
<kw name="Fill &quot;Toegangscode&quot; Field" library="Aanloggen">
<arguments>
<arg>${InputTextBox}</arg>
<arg>${user}</arg>
</arguments>
<kw name="Input Text" library="SeleniumLibrary">
<doc>Types the given ``text`` into the text field identified by ``locator``.</doc>
<arguments>
<arg>${InputTextBox}</arg>
<arg>${user}</arg>
</arguments>
<msg timestamp="20200503 19:36:11.597" level="INFO">Typing text 'admin' into text field 'css=input[Name=Naam]'.</msg>
<status status="PASS" starttime="20200503 19:36:11.596" endtime="20200503 19:36:11.907"></status>
</kw>
<status status="PASS" starttime="20200503 19:36:11.595" endtime="20200503 19:36:11.907"></status>
</kw>
<kw name="Fill &quot;Wachtwoord&quot; Field" library="Aanloggen">
<arguments>
<arg>${InputPasswordBox}</arg>
<arg>${password}</arg>
</arguments>
<kw name="Input Password" library="SeleniumLibrary">
<doc>Types the given password into the text field identified by ``locator``.</doc>
<arguments>
<arg>${InputPasswordBox}</arg>
<arg>${password}</arg>
</arguments>
<msg timestamp="20200503 19:36:11.912" level="INFO">Typing password into text field 'css=input[Name=secureontip]'.</msg>
<msg timestamp="20200503 19:36:12.064" level="INFO">Temporally setting log level to: NONE</msg>
<msg timestamp="20200503 19:36:12.619" level="INFO">Log level changed from NONE to INFO.</msg>
<status status="PASS" starttime="20200503 19:36:11.911" endtime="20200503 19:36:12.619"></status>
</kw>
<status status="PASS" starttime="20200503 19:36:11.908" endtime="20200503 19:36:12.620"></status>
</kw>
<kw name="Click &quot;Klik hier na invullen&quot; Button" library="Aanloggen">
<kw name="Wait Until Page Contains Element" library="SeleniumLibrary">
<doc>Waits until the element ``locator`` appears on the current page.</doc>
<arguments>
<arg>${SUBMIT_BUTTON}</arg>
</arguments>
<status status="PASS" starttime="20200503 19:36:12.621" endtime="20200503 19:36:12.687"></status>
</kw>
<kw name="Click Button" library="SeleniumLibrary">
<doc>Clicks the button identified by ``locator``.</doc>
<arguments>
<arg>${SUBMIT_BUTTON}</arg>
</arguments>
<msg timestamp="20200503 19:36:12.688" level="INFO">Clicking button 'xpath=/html/body/form/center/center/input'.</msg>
<status status="PASS" starttime="20200503 19:36:12.687" endtime="20200503 19:36:13.407"></status>
</kw>
<status status="PASS" starttime="20200503 19:36:12.620" endtime="20200503 19:36:13.407"></status>
</kw>
<kw name="Select Window" library="SeleniumLibrary">
<doc>DEPRECATED in SeleniumLibrary 4.0. , use `Switch Window` instead.</doc>
<status status="PASS" starttime="20200503 19:36:13.408" endtime="20200503 19:36:13.711"></status>
</kw>
<status status="PASS" starttime="20200503 19:36:11.368" endtime="20200503 19:36:13.713"></status>
</kw>
<status status="PASS" starttime="20200503 19:36:07.724" endtime="20200503 19:36:13.714"></status>
</kw>
<kw name="Verify user is aangelogd" library="OntipApp">
<kw name="Verify user is aangelogd" library="Aanloggen">
<assign>
<var>${ReturnedInfo}</var>
</assign>
<kw name="Wait Until Page Contains Element" library="SeleniumLibrary">
<doc>Waits until the element ``locator`` appears on the current page.</doc>
<arguments>
<arg>${MENU_OPTION_SELECTEER_TOERNOOI}</arg>
</arguments>
<status status="PASS" starttime="20200503 19:36:13.817" endtime="20200503 19:36:13.894"></status>
</kw>
<kw name="Element Text Should Be" library="SeleniumLibrary">
<doc>Verifies that element ``locator`` contains exact the text ``expected``.</doc>
<arguments>
<arg>${MENU_OPTION_SELECTEER_TOERNOOI}</arg>
<arg>Selecteer toernooi</arg>
</arguments>
<msg timestamp="20200503 19:36:13.898" level="INFO">Verifying element 'xpath=/html/body/div/table/tbody/tr/td[1]/table/tbody/tr[1]/td[2]' contains exact text 'Selecteer toernooi'.</msg>
<status status="PASS" starttime="20200503 19:36:13.897" endtime="20200503 19:36:14.045"></status>
</kw>
<kw name="Select Window" library="SeleniumLibrary">
<doc>DEPRECATED in SeleniumLibrary 4.0. , use `Switch Window` instead.</doc>
<status status="PASS" starttime="20200503 19:36:14.045" endtime="20200503 19:36:14.095"></status>
</kw>
<msg timestamp="20200503 19:36:14.096" level="INFO">${ReturnedInfo} = User is logged on!</msg>
<status status="PASS" starttime="20200503 19:36:13.815" endtime="20200503 19:36:14.096"></status>
</kw>
<kw name="Log" library="BuiltIn">
<doc>Logs the given message with the given level.</doc>
<arguments>
<arg>${ReturnedInfo}</arg>
</arguments>
<msg timestamp="20200503 19:36:14.098" level="INFO">User is logged on!</msg>
<status status="PASS" starttime="20200503 19:36:14.097" endtime="20200503 19:36:14.098"></status>
</kw>
<status status="PASS" starttime="20200503 19:36:13.811" endtime="20200503 19:36:14.098"></status>
</kw>
<kw name="Logoff website" library="OntipApp">
<kw name="Verify optie &quot;Afloggen&quot;" library="MainPage">
<kw name="Page Should Contain Element" library="SeleniumLibrary">
<doc>Verifies that element ``locator`` is found on the current page.</doc>
<arguments>
<arg>${MENU_OPTION_AFLOGGEN}</arg>
</arguments>
<msg timestamp="20200503 19:36:14.212" level="INFO">Current page contains element 'xpath=/html/body/div/table/tbody/tr/td[1]/table/tbody/tr[7]/td[2]'.</msg>
<status status="PASS" starttime="20200503 19:36:14.106" endtime="20200503 19:36:14.213"></status>
</kw>
<kw name="Element Text Should Be" library="SeleniumLibrary">
<doc>Verifies that element ``locator`` contains exact the text ``expected``.</doc>
<arguments>
<arg>${MENU_OPTION_AFLOGGEN}</arg>
<arg>Uitloggen</arg>
</arguments>
<msg timestamp="20200503 19:36:14.215" level="INFO">Verifying element 'xpath=/html/body/div/table/tbody/tr/td[1]/table/tbody/tr[7]/td[2]' contains exact text 'Uitloggen'.</msg>
<status status="PASS" starttime="20200503 19:36:14.214" endtime="20200503 19:36:14.288"></status>
</kw>
<status status="PASS" starttime="20200503 19:36:14.104" endtime="20200503 19:36:14.288"></status>
</kw>
<kw name="Kies Optie &quot;Afloggen&quot;" library="MainPage">
<kw name="Click Element" library="SeleniumLibrary">
<doc>Click the element identified by ``locator``.</doc>
<arguments>
<arg>${MENU_OPTION_AFLOGGEN}</arg>
</arguments>
<msg timestamp="20200503 19:36:14.290" level="INFO">Clicking element 'xpath=/html/body/div/table/tbody/tr/td[1]/table/tbody/tr[7]/td[2]'.</msg>
<status status="PASS" starttime="20200503 19:36:14.289" endtime="20200503 19:36:14.475"></status>
</kw>
<status status="PASS" starttime="20200503 19:36:14.289" endtime="20200503 19:36:14.475"></status>
</kw>
<status status="PASS" starttime="20200503 19:36:14.103" endtime="20200503 19:36:14.476"></status>
</kw>
<kw name="End Web test" library="Common" type="teardown">
<kw name="Close Browser" library="SeleniumLibrary">
<doc>Closes the current browser.</doc>
<status status="PASS" starttime="20200503 19:36:14.484" endtime="20200503 19:36:31.593"></status>
</kw>
<status status="PASS" starttime="20200503 19:36:14.483" endtime="20200503 19:36:31.594"></status>
</kw>
<doc>Om beheertaken uit te kunnen voeren moet worden aangelogd</doc>
<tags>
<tag>test1</tag>
</tags>
<status status="PASS" starttime="20200503 19:35:46.789" endtime="20200503 19:36:31.601" critical="yes"></status>
</test>
<test id="s1-t3" name="Logged On user should be able to select Selecteer Toernooi">
<kw name="Begin Web Test" library="Common" type="setup">
<kw name="Open Browser" library="SeleniumLibrary">
<doc>Opens a new browser instance to the optional ``url``.</doc>
<arguments>
<arg>${URL}</arg>
<arg>${BROWSER}</arg>
</arguments>
<msg timestamp="20200503 19:36:31.611" level="INFO">Opening browser 'chrome' to base url 'https://www.petanqueinschrijven.com/boulamis'.</msg>
<status status="PASS" starttime="20200503 19:36:31.610" endtime="20200503 19:36:43.244"></status>
</kw>
<kw name="Maximize Browser Window" library="SeleniumLibrary">
<doc>Maximizes current browser window.</doc>
<status status="PASS" starttime="20200503 19:36:43.244" endtime="20200503 19:36:50.348"></status>
</kw>
<status status="PASS" starttime="20200503 19:36:31.609" endtime="20200503 19:36:50.349"></status>
</kw>
<kw name="Go To" library="SeleniumLibrary">
<doc>Navigates the current browser window to the provided ``url``.</doc>
<arguments>
<arg>${URL}</arg>
</arguments>
<msg timestamp="20200503 19:36:50.658" level="INFO">Opening url 'https://www.petanqueinschrijven.com/boulamis'</msg>
<status status="PASS" starttime="20200503 19:36:50.656" endtime="20200503 19:36:56.185"></status>
</kw>
<kw name="Aanloggen Met User En Wachtwoord" library="OntipApp">
<arguments>
<arg>${user}</arg>
<arg>${password}</arg>
</arguments>
<kw name="Verify optie &quot;Aanloggen&quot;" library="MainPage">
<kw name="Select Window" library="SeleniumLibrary">
<doc>DEPRECATED in SeleniumLibrary 4.0. , use `Switch Window` instead.</doc>
<status status="PASS" starttime="20200503 19:36:56.193" endtime="20200503 19:36:56.526"></status>
</kw>
<kw name="Page Should Contain Element" library="SeleniumLibrary">
<doc>Verifies that element ``locator`` is found on the current page.</doc>
<arguments>
<arg>${MENU_OPTION_AANLOGGEN}</arg>
</arguments>
<msg timestamp="20200503 19:36:57.008" level="INFO">Current page contains element 'xpath=/html/body/div/table/tbody/tr/td[1]/table/tbody/tr[1]/td[2]'.</msg>
<status status="PASS" starttime="20200503 19:36:56.527" endtime="20200503 19:36:57.009"></status>
</kw>
<kw name="Get Text" library="SeleniumLibrary">
<doc>Returns the text value of the element identified by ``locator``.</doc>
<arguments>
<arg>${MENU_OPTION_AANLOGGEN}</arg>
</arguments>
<assign>
<var>${menu_option_text}</var>
</assign>
<msg timestamp="20200503 19:36:57.374" level="INFO">${menu_option_text} = Aanloggen</msg>
<status status="PASS" starttime="20200503 19:36:57.009" endtime="20200503 19:36:57.374"></status>
</kw>
<kw name="Log" library="BuiltIn">
<doc>Logs the given message with the given level.</doc>
<arguments>
<arg>${menu_option_text}</arg>
</arguments>
<msg timestamp="20200503 19:36:57.375" level="INFO">Aanloggen</msg>
<status status="PASS" starttime="20200503 19:36:57.374" endtime="20200503 19:36:57.375"></status>
</kw>
<kw name="Run Keyword If" library="BuiltIn">
<doc>Runs the given keyword with the given arguments, if ``condition`` is true.</doc>
<arguments>
<arg>'${menu_option_text}' != 'Aanloggen'</arg>
<arg>Kies Optie "Afloggen"</arg>
</arguments>
<status status="PASS" starttime="20200503 19:36:57.376" endtime="20200503 19:36:57.377"></status>
</kw>
<status status="PASS" starttime="20200503 19:36:56.191" endtime="20200503 19:36:57.377"></status>
</kw>
<kw name="Kies Optie &quot;Aanloggen&quot;" library="MainPage">
<kw name="Click Element" library="SeleniumLibrary">
<doc>Click the element identified by ``locator``.</doc>
<arguments>
<arg>${MENU_OPTION_AANLOGGEN}</arg>
</arguments>
<msg timestamp="20200503 19:36:57.379" level="INFO">Clicking element 'xpath=/html/body/div/table/tbody/tr/td[1]/table/tbody/tr[1]/td[2]'.</msg>
<status status="PASS" starttime="20200503 19:36:57.378" endtime="20200503 19:36:58.352"></status>
</kw>
<status status="PASS" starttime="20200503 19:36:57.378" endtime="20200503 19:36:58.353"></status>
</kw>
<kw name="Verify Page Loaded" library="Aanloggen">
<kw name="Wait Until Page Contains Element" library="SeleniumLibrary">
<doc>Waits until the element ``locator`` appears on the current page.</doc>
<arguments>
<arg>${PAGE_FRAME_MAIN}</arg>
</arguments>
<status status="PASS" starttime="20200503 19:36:58.355" endtime="20200503 19:36:58.565"></status>
</kw>
<kw name="Select Frame" library="SeleniumLibrary">
<doc>Sets frame identified by ``locator`` as the current frame.</doc>
<arguments>
<arg>${PAGE_FRAME_MAIN}</arg>
</arguments>
<msg timestamp="20200503 19:36:58.567" level="INFO">Selecting frame 'xpath=//iframe[@name='main']'.</msg>
<status status="PASS" starttime="20200503 19:36:58.566" endtime="20200503 19:37:01.436"></status>
</kw>
<kw name="Sleep" library="BuiltIn">
<doc>Pauses the test executed for the given time.</doc>
<arguments>
<arg>2s</arg>
</arguments>
<msg timestamp="20200503 19:37:03.438" level="INFO">Slept 2 seconds</msg>
<status status="PASS" starttime="20200503 19:37:01.436" endtime="20200503 19:37:03.438"></status>
</kw>
<kw name="Wait Until Page Contains Element" library="SeleniumLibrary">
<doc>Waits until the element ``locator`` appears on the current page.</doc>
<arguments>
<arg>${AANLOGGEN_INPUT_HEADER_TEXT}</arg>
</arguments>
<status status="PASS" starttime="20200503 19:37:03.439" endtime="20200503 19:37:03.507"></status>
</kw>
<kw name="Element Text Should Be" library="SeleniumLibrary">
<doc>Verifies that element ``locator`` contains exact the text ``expected``.</doc>
<arguments>
<arg>${AANLOGGEN_INPUT_HEADER_TEXT}</arg>
<arg>Vul hier je toegangscode en wachtwoord in</arg>
</arguments>
<msg timestamp="20200503 19:37:03.509" level="INFO">Verifying element 'xpath=/html/body/form/center/table/tbody/tr[1]/td[2]' contains exact text 'Vul hier je toegangscode en wachtwoord in'.</msg>
<status status="PASS" starttime="20200503 19:37:03.508" endtime="20200503 19:37:03.574"></status>
</kw>
<status status="PASS" starttime="20200503 19:36:58.354" endtime="20200503 19:37:03.574"></status>
</kw>
<kw name="User Login with Valid Credentials" library="Aanloggen">
<arguments>
<arg>${user}</arg>
<arg>${password}</arg>
</arguments>
<kw name="Select Window" library="SeleniumLibrary">
<doc>DEPRECATED in SeleniumLibrary 4.0. , use `Switch Window` instead.</doc>
<status status="PASS" starttime="20200503 19:37:03.576" endtime="20200503 19:37:03.602"></status>
</kw>
<kw name="Wait Until Page Contains Element" library="SeleniumLibrary">
<doc>Waits until the element ``locator`` appears on the current page.</doc>
<arguments>
<arg>${PAGE_FRAME_MAIN}</arg>
</arguments>
<status status="PASS" starttime="20200503 19:37:03.602" endtime="20200503 19:37:03.632"></status>
</kw>
<kw name="Select Frame" library="SeleniumLibrary">
<doc>Sets frame identified by ``locator`` as the current frame.</doc>
<arguments>
<arg>${PAGE_FRAME_MAIN}</arg>
</arguments>
<msg timestamp="20200503 19:37:03.633" level="INFO">Selecting frame 'xpath=//iframe[@name='main']'.</msg>
<status status="PASS" starttime="20200503 19:37:03.632" endtime="20200503 19:37:03.692"></status>
</kw>
<kw name="Fill &quot;Toegangscode&quot; Field" library="Aanloggen">
<arguments>
<arg>${InputTextBox}</arg>
<arg>${user}</arg>
</arguments>
<kw name="Input Text" library="SeleniumLibrary">
<doc>Types the given ``text`` into the text field identified by ``locator``.</doc>
<arguments>
<arg>${InputTextBox}</arg>
<arg>${user}</arg>
</arguments>
<msg timestamp="20200503 19:37:03.694" level="INFO">Typing text 'admin' into text field 'css=input[Name=Naam]'.</msg>
<status status="PASS" starttime="20200503 19:37:03.693" endtime="20200503 19:37:03.935"></status>
</kw>
<status status="PASS" starttime="20200503 19:37:03.692" endtime="20200503 19:37:03.937"></status>
</kw>
<kw name="Fill &quot;Wachtwoord&quot; Field" library="Aanloggen">
<arguments>
<arg>${InputPasswordBox}</arg>
<arg>${password}</arg>
</arguments>
<kw name="Input Password" library="SeleniumLibrary">
<doc>Types the given password into the text field identified by ``locator``.</doc>
<arguments>
<arg>${InputPasswordBox}</arg>
<arg>${password}</arg>
</arguments>
<msg timestamp="20200503 19:37:03.939" level="INFO">Typing password into text field 'css=input[Name=secureontip]'.</msg>
<msg timestamp="20200503 19:37:04.052" level="INFO">Temporally setting log level to: NONE</msg>
<msg timestamp="20200503 19:37:04.356" level="INFO">Log level changed from NONE to INFO.</msg>
<status status="PASS" starttime="20200503 19:37:03.938" endtime="20200503 19:37:04.357"></status>
</kw>
<status status="PASS" starttime="20200503 19:37:03.937" endtime="20200503 19:37:04.357"></status>
</kw>
<kw name="Click &quot;Klik hier na invullen&quot; Button" library="Aanloggen">
<kw name="Wait Until Page Contains Element" library="SeleniumLibrary">
<doc>Waits until the element ``locator`` appears on the current page.</doc>
<arguments>
<arg>${SUBMIT_BUTTON}</arg>
</arguments>
<status status="PASS" starttime="20200503 19:37:04.359" endtime="20200503 19:37:04.440"></status>
</kw>
<kw name="Click Button" library="SeleniumLibrary">
<doc>Clicks the button identified by ``locator``.</doc>
<arguments>
<arg>${SUBMIT_BUTTON}</arg>
</arguments>
<msg timestamp="20200503 19:37:04.440" level="INFO">Clicking button 'xpath=/html/body/form/center/center/input'.</msg>
<status status="PASS" starttime="20200503 19:37:04.440" endtime="20200503 19:37:05.004"></status>
</kw>
<status status="PASS" starttime="20200503 19:37:04.358" endtime="20200503 19:37:05.004"></status>
</kw>
<kw name="Select Window" library="SeleniumLibrary">
<doc>DEPRECATED in SeleniumLibrary 4.0. , use `Switch Window` instead.</doc>
<status status="PASS" starttime="20200503 19:37:05.005" endtime="20200503 19:37:05.074"></status>
</kw>
<status status="PASS" starttime="20200503 19:37:03.575" endtime="20200503 19:37:05.075"></status>
</kw>
<status status="PASS" starttime="20200503 19:36:56.190" endtime="20200503 19:37:05.075"></status>
</kw>
<kw name="Verify user is aangelogd" library="OntipApp">
<kw name="Verify user is aangelogd" library="Aanloggen">
<assign>
<var>${ReturnedInfo}</var>
</assign>
<kw name="Wait Until Page Contains Element" library="SeleniumLibrary">
<doc>Waits until the element ``locator`` appears on the current page.</doc>
<arguments>
<arg>${MENU_OPTION_SELECTEER_TOERNOOI}</arg>
</arguments>
<status status="PASS" starttime="20200503 19:37:05.077" endtime="20200503 19:37:05.659"></status>
</kw>
<kw name="Element Text Should Be" library="SeleniumLibrary">
<doc>Verifies that element ``locator`` contains exact the text ``expected``.</doc>
<arguments>
<arg>${MENU_OPTION_SELECTEER_TOERNOOI}</arg>
<arg>Selecteer toernooi</arg>
</arguments>
<msg timestamp="20200503 19:37:05.660" level="INFO">Verifying element 'xpath=/html/body/div/table/tbody/tr/td[1]/table/tbody/tr[1]/td[2]' contains exact text 'Selecteer toernooi'.</msg>
<status status="PASS" starttime="20200503 19:37:05.660" endtime="20200503 19:37:05.839"></status>
</kw>
<kw name="Select Window" library="SeleniumLibrary">
<doc>DEPRECATED in SeleniumLibrary 4.0. , use `Switch Window` instead.</doc>
<status status="PASS" starttime="20200503 19:37:05.840" endtime="20200503 19:37:05.943"></status>
</kw>
<msg timestamp="20200503 19:37:05.943" level="INFO">${ReturnedInfo} = User is logged on!</msg>
<status status="PASS" starttime="20200503 19:37:05.076" endtime="20200503 19:37:05.944"></status>
</kw>
<kw name="Log" library="BuiltIn">
<doc>Logs the given message with the given level.</doc>
<arguments>
<arg>${ReturnedInfo}</arg>
</arguments>
<msg timestamp="20200503 19:37:05.945" level="INFO">User is logged on!</msg>
<status status="PASS" starttime="20200503 19:37:05.944" endtime="20200503 19:37:05.945"></status>
</kw>
<status status="PASS" starttime="20200503 19:37:05.075" endtime="20200503 19:37:05.945"></status>
</kw>
<kw name="Load &quot;Selecteer toernooi&quot;" library="OntipApp">
<kw name="Load &quot;Selecteer toernooi&quot;" library="MainPage">
<kw name="Wait Until Page Contains Element" library="SeleniumLibrary">
<doc>Waits until the element ``locator`` appears on the current page.</doc>
<arguments>
<arg>${MENU_OPTION_SELECTEER_TOERNOOI}</arg>
</arguments>
<status status="PASS" starttime="20200503 19:37:05.953" endtime="20200503 19:37:06.002"></status>
</kw>
<kw name="Element Text Should Be" library="SeleniumLibrary">
<doc>Verifies that element ``locator`` contains exact the text ``expected``.</doc>
<arguments>
<arg>${MENU_OPTION_SELECTEER_TOERNOOI}</arg>
<arg>Selecteer toernooi</arg>
</arguments>
<msg timestamp="20200503 19:37:06.003" level="INFO">Verifying element 'xpath=/html/body/div/table/tbody/tr/td[1]/table/tbody/tr[1]/td[2]' contains exact text 'Selecteer toernooi'.</msg>
<status status="PASS" starttime="20200503 19:37:06.003" endtime="20200503 19:37:06.065"></status>
</kw>
<kw name="Click Element" library="SeleniumLibrary">
<doc>Click the element identified by ``locator``.</doc>
<arguments>
<arg>${MENU_OPTION_SELECTEER_TOERNOOI}</arg>
</arguments>
<msg timestamp="20200503 19:37:06.067" level="INFO">Clicking element 'xpath=/html/body/div/table/tbody/tr/td[1]/table/tbody/tr[1]/td[2]'.</msg>
<status status="PASS" starttime="20200503 19:37:06.065" endtime="20200503 19:37:06.258"></status>
</kw>
<status status="PASS" starttime="20200503 19:37:05.952" endtime="20200503 19:37:06.258"></status>
</kw>
<status status="PASS" starttime="20200503 19:37:05.950" endtime="20200503 19:37:06.259"></status>
</kw>
<kw name="Verify &quot;Selecteer toernooi&quot; is loaded" library="OntipApp">
<kw name="Verify Page is loaded" library="SelectToernooiPage">
<kw name="Select Window" library="SeleniumLibrary">
<doc>DEPRECATED in SeleniumLibrary 4.0. , use `Switch Window` instead.</doc>
<status status="PASS" starttime="20200503 19:37:06.262" endtime="20200503 19:37:06.312"></status>
</kw>
<kw name="Page Should Contain Element" library="SeleniumLibrary">
<doc>Verifies that element ``locator`` is found on the current page.</doc>
<arguments>
<arg>${PAGE_FRAME_MAIN}</arg>
</arguments>
<msg timestamp="20200503 19:37:06.404" level="INFO">Current page contains element 'xpath=//iframe[@name='main']'.</msg>
<status status="PASS" starttime="20200503 19:37:06.312" endtime="20200503 19:37:06.404"></status>
</kw>
<kw name="Select Frame" library="SeleniumLibrary">
<doc>Sets frame identified by ``locator`` as the current frame.</doc>
<arguments>
<arg>${PAGE_FRAME_MAIN}</arg>
</arguments>
<msg timestamp="20200503 19:37:06.406" level="INFO">Selecting frame 'xpath=//iframe[@name='main']'.</msg>
<status status="PASS" starttime="20200503 19:37:06.404" endtime="20200503 19:37:07.090"></status>
</kw>
<kw name="Wait Until Page Contains Element" library="SeleniumLibrary">
<doc>Waits until the element ``locator`` appears on the current page.</doc>
<arguments>
<arg>${SELECTEER_TOERNOOI_HEADER_TEXT}</arg>
</arguments>
<status status="PASS" starttime="20200503 19:37:07.091" endtime="20200503 19:37:07.177"></status>
</kw>
<kw name="Element Text Should Be" library="SeleniumLibrary">
<doc>Verifies that element ``locator`` contains exact the text ``expected``.</doc>
<arguments>
<arg>${SELECTEER_TOERNOOI_HEADER_TEXT}</arg>
<arg>Selecteer een aangemaakt toernooi formulier</arg>
</arguments>
<msg timestamp="20200503 19:37:07.178" level="INFO">Verifying element 'xpath=/html/body/div[2]/blockquote/h2' contains exact text 'Selecteer een aangemaakt toernooi formulier'.</msg>
<status status="PASS" starttime="20200503 19:37:07.177" endtime="20200503 19:37:07.322"></status>
</kw>
<kw name="Select Window" library="SeleniumLibrary">
<doc>DEPRECATED in SeleniumLibrary 4.0. , use `Switch Window` instead.</doc>
<status status="PASS" starttime="20200503 19:37:07.323" endtime="20200503 19:37:07.390"></status>
</kw>
<status status="PASS" starttime="20200503 19:37:06.261" endtime="20200503 19:37:07.391"></status>
</kw>
<status status="PASS" starttime="20200503 19:37:06.260" endtime="20200503 19:37:07.391"></status>
</kw>
<kw name="Logoff website" library="OntipApp">
<kw name="Verify optie &quot;Afloggen&quot;" library="MainPage">
<kw name="Page Should Contain Element" library="SeleniumLibrary">
<doc>Verifies that element ``locator`` is found on the current page.</doc>
<arguments>
<arg>${MENU_OPTION_AFLOGGEN}</arg>
</arguments>
<msg timestamp="20200503 19:37:07.439" level="INFO">Current page contains element 'xpath=/html/body/div/table/tbody/tr/td[1]/table/tbody/tr[7]/td[2]'.</msg>
<status status="PASS" starttime="20200503 19:37:07.399" endtime="20200503 19:37:07.439"></status>
</kw>
<kw name="Element Text Should Be" library="SeleniumLibrary">
<doc>Verifies that element ``locator`` contains exact the text ``expected``.</doc>
<arguments>
<arg>${MENU_OPTION_AFLOGGEN}</arg>
<arg>Uitloggen</arg>
</arguments>
<msg timestamp="20200503 19:37:07.440" level="INFO">Verifying element 'xpath=/html/body/div/table/tbody/tr/td[1]/table/tbody/tr[7]/td[2]' contains exact text 'Uitloggen'.</msg>
<status status="PASS" starttime="20200503 19:37:07.439" endtime="20200503 19:37:07.614"></status>
</kw>
<status status="PASS" starttime="20200503 19:37:07.397" endtime="20200503 19:37:07.615"></status>
</kw>
<kw name="Kies Optie &quot;Afloggen&quot;" library="MainPage">
<kw name="Click Element" library="SeleniumLibrary">
<doc>Click the element identified by ``locator``.</doc>
<arguments>
<arg>${MENU_OPTION_AFLOGGEN}</arg>
</arguments>
<msg timestamp="20200503 19:37:07.618" level="INFO">Clicking element 'xpath=/html/body/div/table/tbody/tr/td[1]/table/tbody/tr[7]/td[2]'.</msg>
<status status="PASS" starttime="20200503 19:37:07.616" endtime="20200503 19:37:08.007"></status>
</kw>
<status status="PASS" starttime="20200503 19:37:07.615" endtime="20200503 19:37:08.008"></status>
</kw>
<status status="PASS" starttime="20200503 19:37:07.396" endtime="20200503 19:37:08.008"></status>
</kw>
<kw name="End Web test" library="Common" type="teardown">
<kw name="Close Browser" library="SeleniumLibrary">
<doc>Closes the current browser.</doc>
<status status="PASS" starttime="20200503 19:37:08.024" endtime="20200503 19:37:16.925"></status>
</kw>
<status status="PASS" starttime="20200503 19:37:08.024" endtime="20200503 19:37:16.925"></status>
</kw>
<doc>Selecteer menu optie Selecteer toernooi</doc>
<tags>
<tag>test2</tag>
</tags>
<status status="PASS" starttime="20200503 19:36:31.604" endtime="20200503 19:37:16.941" critical="yes"></status>
</test>
<test id="s1-t4" name="Logged On user should be able to select Toevoegen toernooi">
<kw name="Begin Web Test" library="Common" type="setup">
<kw name="Open Browser" library="SeleniumLibrary">
<doc>Opens a new browser instance to the optional ``url``.</doc>
<arguments>
<arg>${URL}</arg>
<arg>${BROWSER}</arg>
</arguments>
<msg timestamp="20200503 19:37:16.985" level="INFO">Opening browser 'chrome' to base url 'https://www.petanqueinschrijven.com/boulamis'.</msg>
<status status="PASS" starttime="20200503 19:37:16.984" endtime="20200503 19:37:32.813"></status>
</kw>
<kw name="Maximize Browser Window" library="SeleniumLibrary">
<doc>Maximizes current browser window.</doc>
<status status="PASS" starttime="20200503 19:37:32.813" endtime="20200503 19:37:38.965"></status>
</kw>
<status status="PASS" starttime="20200503 19:37:16.983" endtime="20200503 19:37:38.966"></status>
</kw>
<kw name="Go To" library="SeleniumLibrary">
<doc>Navigates the current browser window to the provided ``url``.</doc>
<arguments>
<arg>${URL}</arg>
</arguments>
<msg timestamp="20200503 19:37:38.971" level="INFO">Opening url 'https://www.petanqueinschrijven.com/boulamis'</msg>
<status status="PASS" starttime="20200503 19:37:38.969" endtime="20200503 19:37:40.375"></status>
</kw>
<kw name="Aanloggen Met User En Wachtwoord" library="OntipApp">
<arguments>
<arg>${user}</arg>
<arg>${password}</arg>
</arguments>
<kw name="Verify optie &quot;Aanloggen&quot;" library="MainPage">
<kw name="Select Window" library="SeleniumLibrary">
<doc>DEPRECATED in SeleniumLibrary 4.0. , use `Switch Window` instead.</doc>
<status status="PASS" starttime="20200503 19:37:40.390" endtime="20200503 19:37:40.626"></status>
</kw>
<kw name="Page Should Contain Element" library="SeleniumLibrary">
<doc>Verifies that element ``locator`` is found on the current page.</doc>
<arguments>
<arg>${MENU_OPTION_AANLOGGEN}</arg>
</arguments>
<msg timestamp="20200503 19:37:40.810" level="INFO">Current page contains element 'xpath=/html/body/div/table/tbody/tr/td[1]/table/tbody/tr[1]/td[2]'.</msg>
<status status="PASS" starttime="20200503 19:37:40.627" endtime="20200503 19:37:40.810"></status>
</kw>
<kw name="Get Text" library="SeleniumLibrary">
<doc>Returns the text value of the element identified by ``locator``.</doc>
<arguments>
<arg>${MENU_OPTION_AANLOGGEN}</arg>
</arguments>
<assign>
<var>${menu_option_text}</var>
</assign>
<msg timestamp="20200503 19:37:41.179" level="INFO">${menu_option_text} = Aanloggen</msg>
<status status="PASS" starttime="20200503 19:37:40.811" endtime="20200503 19:37:41.179"></status>
</kw>
<kw name="Log" library="BuiltIn">
<doc>Logs the given message with the given level.</doc>
<arguments>
<arg>${menu_option_text}</arg>
</arguments>
<msg timestamp="20200503 19:37:41.181" level="INFO">Aanloggen</msg>
<status status="PASS" starttime="20200503 19:37:41.179" endtime="20200503 19:37:41.181"></status>
</kw>
<kw name="Run Keyword If" library="BuiltIn">
<doc>Runs the given keyword with the given arguments, if ``condition`` is true.</doc>
<arguments>
<arg>'${menu_option_text}' != 'Aanloggen'</arg>
<arg>Kies Optie "Afloggen"</arg>
</arguments>
<status status="PASS" starttime="20200503 19:37:41.182" endtime="20200503 19:37:41.183"></status>
</kw>
<status status="PASS" starttime="20200503 19:37:40.390" endtime="20200503 19:37:41.183"></status>
</kw>
<kw name="Kies Optie &quot;Aanloggen&quot;" library="MainPage">
<kw name="Click Element" library="SeleniumLibrary">
<doc>Click the element identified by ``locator``.</doc>
<arguments>
<arg>${MENU_OPTION_AANLOGGEN}</arg>
</arguments>
<msg timestamp="20200503 19:37:41.186" level="INFO">Clicking element 'xpath=/html/body/div/table/tbody/tr/td[1]/table/tbody/tr[1]/td[2]'.</msg>
<status status="PASS" starttime="20200503 19:37:41.185" endtime="20200503 19:37:41.432"></status>
</kw>
<status status="PASS" starttime="20200503 19:37:41.184" endtime="20200503 19:37:41.433"></status>
</kw>
<kw name="Verify Page Loaded" library="Aanloggen">
<kw name="Wait Until Page Contains Element" library="SeleniumLibrary">
<doc>Waits until the element ``locator`` appears on the current page.</doc>
<arguments>
<arg>${PAGE_FRAME_MAIN}</arg>
</arguments>
<status status="PASS" starttime="20200503 19:37:41.434" endtime="20200503 19:37:41.470"></status>
</kw>
<kw name="Select Frame" library="SeleniumLibrary">
<doc>Sets frame identified by ``locator`` as the current frame.</doc>
<arguments>
<arg>${PAGE_FRAME_MAIN}</arg>
</arguments>
<msg timestamp="20200503 19:37:41.472" level="INFO">Selecting frame 'xpath=//iframe[@name='main']'.</msg>
<status status="PASS" starttime="20200503 19:37:41.471" endtime="20200503 19:37:42.054"></status>
</kw>
<kw name="Sleep" library="BuiltIn">
<doc>Pauses the test executed for the given time.</doc>
<arguments>
<arg>2s</arg>
</arguments>
<msg timestamp="20200503 19:37:44.056" level="INFO">Slept 2 seconds</msg>
<status status="PASS" starttime="20200503 19:37:42.055" endtime="20200503 19:37:44.057"></status>
</kw>
<kw name="Wait Until Page Contains Element" library="SeleniumLibrary">
<doc>Waits until the element ``locator`` appears on the current page.</doc>
<arguments>
<arg>${AANLOGGEN_INPUT_HEADER_TEXT}</arg>
</arguments>
<status status="PASS" starttime="20200503 19:37:44.057" endtime="20200503 19:37:44.105"></status>
</kw>
<kw name="Element Text Should Be" library="SeleniumLibrary">
<doc>Verifies that element ``locator`` contains exact the text ``expected``.</doc>
<arguments>
<arg>${AANLOGGEN_INPUT_HEADER_TEXT}</arg>
<arg>Vul hier je toegangscode en wachtwoord in</arg>
</arguments>
<msg timestamp="20200503 19:37:44.107" level="INFO">Verifying element 'xpath=/html/body/form/center/table/tbody/tr[1]/td[2]' contains exact text 'Vul hier je toegangscode en wachtwoord in'.</msg>
<status status="PASS" starttime="20200503 19:37:44.106" endtime="20200503 19:37:44.205"></status>
</kw>
<status status="PASS" starttime="20200503 19:37:41.433" endtime="20200503 19:37:44.206"></status>
</kw>
<kw name="User Login with Valid Credentials" library="Aanloggen">
<arguments>
<arg>${user}</arg>
<arg>${password}</arg>
</arguments>
<kw name="Select Window" library="SeleniumLibrary">
<doc>DEPRECATED in SeleniumLibrary 4.0. , use `Switch Window` instead.</doc>
<status status="PASS" starttime="20200503 19:37:44.207" endtime="20200503 19:37:44.426"></status>
</kw>
<kw name="Wait Until Page Contains Element" library="SeleniumLibrary">
<doc>Waits until the element ``locator`` appears on the current page.</doc>
<arguments>
<arg>${PAGE_FRAME_MAIN}</arg>
</arguments>
<status status="PASS" starttime="20200503 19:37:44.426" endtime="20200503 19:37:44.545"></status>
</kw>
<kw name="Select Frame" library="SeleniumLibrary">
<doc>Sets frame identified by ``locator`` as the current frame.</doc>
<arguments>
<arg>${PAGE_FRAME_MAIN}</arg>
</arguments>
<msg timestamp="20200503 19:37:44.547" level="INFO">Selecting frame 'xpath=//iframe[@name='main']'.</msg>
<status status="PASS" starttime="20200503 19:37:44.546" endtime="20200503 19:37:44.897"></status>
</kw>
<kw name="Fill &quot;Toegangscode&quot; Field" library="Aanloggen">
<arguments>
<arg>${InputTextBox}</arg>
<arg>${user}</arg>
</arguments>
<kw name="Input Text" library="SeleniumLibrary">
<doc>Types the given ``text`` into the text field identified by ``locator``.</doc>
<arguments>
<arg>${InputTextBox}</arg>
<arg>${user}</arg>
</arguments>
<msg timestamp="20200503 19:37:44.900" level="INFO">Typing text 'admin' into text field 'css=input[Name=Naam]'.</msg>
<status status="PASS" starttime="20200503 19:37:44.899" endtime="20200503 19:37:45.925"></status>
</kw>
<status status="PASS" starttime="20200503 19:37:44.898" endtime="20200503 19:37:45.926"></status>
</kw>
<kw name="Fill &quot;Wachtwoord&quot; Field" library="Aanloggen">
<arguments>
<arg>${InputPasswordBox}</arg>
<arg>${password}</arg>
</arguments>
<kw name="Input Password" library="SeleniumLibrary">
<doc>Types the given password into the text field identified by ``locator``.</doc>
<arguments>
<arg>${InputPasswordBox}</arg>
<arg>${password}</arg>
</arguments>
<msg timestamp="20200503 19:37:45.932" level="INFO">Typing password into text field 'css=input[Name=secureontip]'.</msg>
<msg timestamp="20200503 19:37:46.233" level="INFO">Temporally setting log level to: NONE</msg>
<msg timestamp="20200503 19:37:47.985" level="INFO">Log level changed from NONE to INFO.</msg>
<status status="PASS" starttime="20200503 19:37:45.930" endtime="20200503 19:37:47.986"></status>
</kw>
<status status="PASS" starttime="20200503 19:37:45.927" endtime="20200503 19:37:47.986"></status>
</kw>
<kw name="Click &quot;Klik hier na invullen&quot; Button" library="Aanloggen">
<kw name="Wait Until Page Contains Element" library="SeleniumLibrary">
<doc>Waits until the element ``locator`` appears on the current page.</doc>
<arguments>
<arg>${SUBMIT_BUTTON}</arg>
</arguments>
<status status="PASS" starttime="20200503 19:37:47.988" endtime="20200503 19:37:48.911"></status>
</kw>
<kw name="Click Button" library="SeleniumLibrary">
<doc>Clicks the button identified by ``locator``.</doc>
<arguments>
<arg>${SUBMIT_BUTTON}</arg>
</arguments>
<msg timestamp="20200503 19:37:48.913" level="INFO">Clicking button 'xpath=/html/body/form/center/center/input'.</msg>
<status status="PASS" starttime="20200503 19:37:48.912" endtime="20200503 19:37:55.755"></status>
</kw>
<status status="PASS" starttime="20200503 19:37:47.987" endtime="20200503 19:37:55.756"></status>
</kw>
<kw name="Select Window" library="SeleniumLibrary">
<doc>DEPRECATED in SeleniumLibrary 4.0. , use `Switch Window` instead.</doc>
<status status="PASS" starttime="20200503 19:37:55.756" endtime="20200503 19:37:56.680"></status>
</kw>
<status status="PASS" starttime="20200503 19:37:44.206" endtime="20200503 19:37:56.680"></status>
</kw>
<status status="PASS" starttime="20200503 19:37:40.389" endtime="20200503 19:37:56.680"></status>
</kw>
<kw name="Verify user is aangelogd" library="OntipApp">
<kw name="Verify user is aangelogd" library="Aanloggen">
<assign>
<var>${ReturnedInfo}</var>
</assign>
<kw name="Wait Until Page Contains Element" library="SeleniumLibrary">
<doc>Waits until the element ``locator`` appears on the current page.</doc>
<arguments>
<arg>${MENU_OPTION_SELECTEER_TOERNOOI}</arg>
</arguments>
<status status="PASS" starttime="20200503 19:37:56.708" endtime="20200503 19:37:57.654"></status>
</kw>
<kw name="Element Text Should Be" library="SeleniumLibrary">
<doc>Verifies that element ``locator`` contains exact the text ``expected``.</doc>
<arguments>
<arg>${MENU_OPTION_SELECTEER_TOERNOOI}</arg>
<arg>Selecteer toernooi</arg>
</arguments>
<msg timestamp="20200503 19:37:57.656" level="INFO">Verifying element 'xpath=/html/body/div/table/tbody/tr/td[1]/table/tbody/tr[1]/td[2]' contains exact text 'Selecteer toernooi'.</msg>
<status status="PASS" starttime="20200503 19:37:57.656" endtime="20200503 19:37:58.546"></status>
</kw>
<kw name="Select Window" library="SeleniumLibrary">
<doc>DEPRECATED in SeleniumLibrary 4.0. , use `Switch Window` instead.</doc>
<status status="PASS" starttime="20200503 19:37:58.547" endtime="20200503 19:37:59.086"></status>
</kw>
<msg timestamp="20200503 19:37:59.087" level="INFO">${ReturnedInfo} = User is logged on!</msg>
<status status="PASS" starttime="20200503 19:37:56.707" endtime="20200503 19:37:59.088"></status>
</kw>
<kw name="Log" library="BuiltIn">
<doc>Logs the given message with the given level.</doc>
<arguments>
<arg>${ReturnedInfo}</arg>
</arguments>
<msg timestamp="20200503 19:37:59.089" level="INFO">User is logged on!</msg>
<status status="PASS" starttime="20200503 19:37:59.088" endtime="20200503 19:37:59.089"></status>
</kw>
<status status="PASS" starttime="20200503 19:37:56.705" endtime="20200503 19:37:59.089"></status>
</kw>
<kw name="Load &quot;Toevoegen toernooi&quot;" library="OntipApp">
<kw name="Load &quot;Toevoegen toernooi&quot;" library="MainPage">
<kw name="Wait Until Page Contains Element" library="SeleniumLibrary">
<doc>Waits until the element ``locator`` appears on the current page.</doc>
<arguments>
<arg>${MENU_OPTION_TOEVOEGEN_TOERNOOI}</arg>
</arguments>
<status status="PASS" starttime="20200503 19:37:59.119" endtime="20200503 19:37:59.974"></status>
</kw>
<kw name="Element Text Should Be" library="SeleniumLibrary">
<doc>Verifies that element ``locator`` contains exact the text ``expected``.</doc>
<arguments>
<arg>${MENU_OPTION_TOEVOEGEN_TOERNOOI}</arg>
<arg>Toevoegen toernooi</arg>
</arguments>
<msg timestamp="20200503 19:37:59.975" level="INFO">Verifying element 'xpath=/html/body/div/table/tbody/tr/td[1]/table/tbody/tr[2]/td[2]' contains exact text 'Toevoegen toernooi'.</msg>
<status status="PASS" starttime="20200503 19:37:59.974" endtime="20200503 19:38:00.775"></status>
</kw>
<kw name="Click Element" library="SeleniumLibrary">
<doc>Click the element identified by ``locator``.</doc>
<arguments>
<arg>${MENU_OPTION_TOEVOEGEN_TOERNOOI}</arg>
</arguments>
<msg timestamp="20200503 19:38:00.777" level="INFO">Clicking element 'xpath=/html/body/div/table/tbody/tr/td[1]/table/tbody/tr[2]/td[2]'.</msg>
<status status="PASS" starttime="20200503 19:38:00.776" endtime="20200503 19:38:02.536"></status>
</kw>
<status status="PASS" starttime="20200503 19:37:59.118" endtime="20200503 19:38:02.537"></status>
</kw>
<status status="PASS" starttime="20200503 19:37:59.116" endtime="20200503 19:38:02.537"></status>
</kw>
<kw name="Verify &quot;Toevoegen toernooi&quot; is loaded" library="OntipApp">
<kw name="Verify Page is loaded" library="ToevoegenToernooiPage">
<doc>Check of pagina geladen is</doc>
<kw name="Select Window" library="SeleniumLibrary">
<doc>DEPRECATED in SeleniumLibrary 4.0. , use `Switch Window` instead.</doc>
<status status="PASS" starttime="20200503 19:38:02.571" endtime="20200503 19:38:03.882"></status>
</kw>
<kw name="Page Should Contain Element" library="SeleniumLibrary">
<doc>Verifies that element ``locator`` is found on the current page.</doc>
<arguments>
<arg>${PAGE_FRAME_MAIN}</arg>
</arguments>
<msg timestamp="20200503 19:38:09.116" level="INFO">Current page contains element 'xpath=//iframe[@name='main']'.</msg>
<status status="PASS" starttime="20200503 19:38:03.882" endtime="20200503 19:38:09.116"></status>
</kw>
<kw name="Select Frame" library="SeleniumLibrary">
<doc>Sets frame identified by ``locator`` as the current frame.</doc>
<arguments>
<arg>${PAGE_FRAME_MAIN}</arg>
</arguments>
<msg timestamp="20200503 19:38:09.118" level="INFO">Selecting frame 'xpath=//iframe[@name='main']'.</msg>
<status status="PASS" starttime="20200503 19:38:09.117" endtime="20200503 19:38:13.964"></status>
</kw>
<kw name="Wait Until Page Contains Element" library="SeleniumLibrary">
<doc>Waits until the element ``locator`` appears on the current page.</doc>
<arguments>
<arg>${TOEVOEGEN_TOERNOOI_HEADER_TEXT}</arg>
</arguments>
<status status="PASS" starttime="20200503 19:38:13.965" endtime="20200503 19:38:14.706"></status>
</kw>
<kw name="Element Text Should Be" library="SeleniumLibrary">
<doc>Verifies that element ``locator`` contains exact the text ``expected``.</doc>
<arguments>
<arg>${TOEVOEGEN_TOERNOOI_HEADER_TEXT}</arg>
<arg>Toevoegen toernooi</arg>
</arguments>
<msg timestamp="20200503 19:38:14.708" level="INFO">Verifying element 'xpath=/html/body/div[4]/h1' contains exact text 'Toevoegen toernooi'.</msg>
<status status="PASS" starttime="20200503 19:38:14.707" endtime="20200503 19:38:16.305"></status>
</kw>
<kw name="Select Window" library="SeleniumLibrary">
<doc>DEPRECATED in SeleniumLibrary 4.0. , use `Switch Window` instead.</doc>
<status status="PASS" starttime="20200503 19:38:16.306" endtime="20200503 19:38:17.449"></status>
</kw>
<status status="PASS" starttime="20200503 19:38:02.569" endtime="20200503 19:38:17.450"></status>
</kw>
<status status="PASS" starttime="20200503 19:38:02.568" endtime="20200503 19:38:17.451"></status>
</kw>
<kw name="Logoff website" library="OntipApp">
<kw name="Verify optie &quot;Afloggen&quot;" library="MainPage">
<kw name="Page Should Contain Element" library="SeleniumLibrary">
<doc>Verifies that element ``locator`` is found on the current page.</doc>
<arguments>
<arg>${MENU_OPTION_AFLOGGEN}</arg>
</arguments>
<msg timestamp="20200503 19:38:17.993" level="INFO">Current page contains element 'xpath=/html/body/div/table/tbody/tr/td[1]/table/tbody/tr[7]/td[2]'.</msg>
<status status="PASS" starttime="20200503 19:38:17.578" endtime="20200503 19:38:17.993"></status>
</kw>
<kw name="Element Text Should Be" library="SeleniumLibrary">
<doc>Verifies that element ``locator`` contains exact the text ``expected``.</doc>
<arguments>
<arg>${MENU_OPTION_AFLOGGEN}</arg>
<arg>Uitloggen</arg>
</arguments>
<msg timestamp="20200503 19:38:17.995" level="INFO">Verifying element 'xpath=/html/body/div/table/tbody/tr/td[1]/table/tbody/tr[7]/td[2]' contains exact text 'Uitloggen'.</msg>
<status status="PASS" starttime="20200503 19:38:17.994" endtime="20200503 19:38:18.627"></status>
</kw>
<status status="PASS" starttime="20200503 19:38:17.574" endtime="20200503 19:38:18.627"></status>
</kw>
<kw name="Kies Optie &quot;Afloggen&quot;" library="MainPage">
<kw name="Click Element" library="SeleniumLibrary">
<doc>Click the element identified by ``locator``.</doc>
<arguments>
<arg>${MENU_OPTION_AFLOGGEN}</arg>
</arguments>
<msg timestamp="20200503 19:38:18.629" level="INFO">Clicking element 'xpath=/html/body/div/table/tbody/tr/td[1]/table/tbody/tr[7]/td[2]'.</msg>
<status status="PASS" starttime="20200503 19:38:18.629" endtime="20200503 19:38:24.035"></status>
</kw>
<status status="PASS" starttime="20200503 19:38:18.628" endtime="20200503 19:38:24.036"></status>
</kw>
<status status="PASS" starttime="20200503 19:38:17.569" endtime="20200503 19:38:24.036"></status>
</kw>
<kw name="End Web test" library="Common" type="teardown">
<kw name="Close Browser" library="SeleniumLibrary">
<doc>Closes the current browser.</doc>
<status status="PASS" starttime="20200503 19:38:24.265" endtime="20200503 19:39:09.355"></status>
</kw>
<status status="PASS" starttime="20200503 19:38:24.264" endtime="20200503 19:39:09.356"></status>
</kw>
<doc>Selecteer menu optie Toevoegen toernooi</doc>
<tags>
<tag>test22</tag>
<tag>test3</tag>
</tags>
<status status="PASS" starttime="20200503 19:37:16.981" endtime="20200503 19:39:09.431" critical="yes"></status>
</test>
<test id="s1-t5" name="Logged On user should be able to select Toernooi beheer">
<kw name="Begin Web Test" library="Common" type="setup">
<kw name="Open Browser" library="SeleniumLibrary">
<doc>Opens a new browser instance to the optional ``url``.</doc>
<arguments>
<arg>${URL}</arg>
<arg>${BROWSER}</arg>
</arguments>
<msg timestamp="20200503 19:39:09.740" level="INFO">Opening browser 'chrome' to base url 'https://www.petanqueinschrijven.com/boulamis'.</msg>
<status status="PASS" starttime="20200503 19:39:09.739" endtime="20200503 19:39:35.921"></status>
</kw>
<kw name="Maximize Browser Window" library="SeleniumLibrary">
<doc>Maximizes current browser window.</doc>
<status status="PASS" starttime="20200503 19:39:35.922" endtime="20200503 19:39:40.516"></status>
</kw>
<status status="PASS" starttime="20200503 19:39:09.737" endtime="20200503 19:39:40.518"></status>
</kw>
<kw name="Go To" library="SeleniumLibrary">
<doc>Navigates the current browser window to the provided ``url``.</doc>
<arguments>
<arg>${URL}</arg>
</arguments>
<msg timestamp="20200503 19:39:40.720" level="INFO">Opening url 'https://www.petanqueinschrijven.com/boulamis'</msg>
<status status="PASS" starttime="20200503 19:39:40.719" endtime="20200503 19:39:42.099"></status>
</kw>
<kw name="Aanloggen Met User En Wachtwoord" library="OntipApp">
<arguments>
<arg>${user}</arg>
<arg>${password}</arg>
</arguments>
<kw name="Verify optie &quot;Aanloggen&quot;" library="MainPage">
<kw name="Select Window" library="SeleniumLibrary">
<doc>DEPRECATED in SeleniumLibrary 4.0. , use `Switch Window` instead.</doc>
<status status="PASS" starttime="20200503 19:39:42.185" endtime="20200503 19:39:42.367"></status>
</kw>
<kw name="Page Should Contain Element" library="SeleniumLibrary">
<doc>Verifies that element ``locator`` is found on the current page.</doc>
<arguments>
<arg>${MENU_OPTION_AANLOGGEN}</arg>
</arguments>
<msg timestamp="20200503 19:39:42.604" level="INFO">Current page contains element 'xpath=/html/body/div/table/tbody/tr/td[1]/table/tbody/tr[1]/td[2]'.</msg>
<status status="PASS" starttime="20200503 19:39:42.368" endtime="20200503 19:39:42.605"></status>
</kw>
<kw name="Get Text" library="SeleniumLibrary">
<doc>Returns the text value of the element identified by ``locator``.</doc>
<arguments>
<arg>${MENU_OPTION_AANLOGGEN}</arg>
</arguments>
<assign>
<var>${menu_option_text}</var>
</assign>
<msg timestamp="20200503 19:39:42.719" level="INFO">${menu_option_text} = Aanloggen</msg>
<status status="PASS" starttime="20200503 19:39:42.606" endtime="20200503 19:39:42.719"></status>
</kw>
<kw name="Log" library="BuiltIn">
<doc>Logs the given message with the given level.</doc>
<arguments>
<arg>${menu_option_text}</arg>
</arguments>
<msg timestamp="20200503 19:39:42.720" level="INFO">Aanloggen</msg>
<status status="PASS" starttime="20200503 19:39:42.719" endtime="20200503 19:39:42.720"></status>
</kw>
<kw name="Run Keyword If" library="BuiltIn">
<doc>Runs the given keyword with the given arguments, if ``condition`` is true.</doc>
<arguments>
<arg>'${menu_option_text}' != 'Aanloggen'</arg>
<arg>Kies Optie "Afloggen"</arg>
</arguments>
<status status="PASS" starttime="20200503 19:39:42.722" endtime="20200503 19:39:42.724"></status>
</kw>
<status status="PASS" starttime="20200503 19:39:42.183" endtime="20200503 19:39:42.724"></status>
</kw>
<kw name="Kies Optie &quot;Aanloggen&quot;" library="MainPage">
<kw name="Click Element" library="SeleniumLibrary">
<doc>Click the element identified by ``locator``.</doc>
<arguments>
<arg>${MENU_OPTION_AANLOGGEN}</arg>
</arguments>
<msg timestamp="20200503 19:39:42.726" level="INFO">Clicking element 'xpath=/html/body/div/table/tbody/tr/td[1]/table/tbody/tr[1]/td[2]'.</msg>
<status status="PASS" starttime="20200503 19:39:42.726" endtime="20200503 19:39:43.102"></status>
</kw>
<status status="PASS" starttime="20200503 19:39:42.724" endtime="20200503 19:39:43.102"></status>
</kw>
<kw name="Verify Page Loaded" library="Aanloggen">
<kw name="Wait Until Page Contains Element" library="SeleniumLibrary">
<doc>Waits until the element ``locator`` appears on the current page.</doc>
<arguments>
<arg>${PAGE_FRAME_MAIN}</arg>
</arguments>
<status status="PASS" starttime="20200503 19:39:43.106" endtime="20200503 19:39:43.208"></status>
</kw>
<kw name="Select Frame" library="SeleniumLibrary">
<doc>Sets frame identified by ``locator`` as the current frame.</doc>
<arguments>
<arg>${PAGE_FRAME_MAIN}</arg>
</arguments>
<msg timestamp="20200503 19:39:43.210" level="INFO">Selecting frame 'xpath=//iframe[@name='main']'.</msg>
<status status="PASS" starttime="20200503 19:39:43.209" endtime="20200503 19:39:43.352"></status>
</kw>
<kw name="Sleep" library="BuiltIn">
<doc>Pauses the test executed for the given time.</doc>
<arguments>
<arg>2s</arg>
</arguments>
<msg timestamp="20200503 19:39:45.355" level="INFO">Slept 2 seconds</msg>
<status status="PASS" starttime="20200503 19:39:43.353" endtime="20200503 19:39:45.356"></status>
</kw>
<kw name="Wait Until Page Contains Element" library="SeleniumLibrary">
<doc>Waits until the element ``locator`` appears on the current page.</doc>
<arguments>
<arg>${AANLOGGEN_INPUT_HEADER_TEXT}</arg>
</arguments>
<status status="PASS" starttime="20200503 19:39:45.357" endtime="20200503 19:39:45.427"></status>
</kw>
<kw name="Element Text Should Be" library="SeleniumLibrary">
<doc>Verifies that element ``locator`` contains exact the text ``expected``.</doc>
<arguments>
<arg>${AANLOGGEN_INPUT_HEADER_TEXT}</arg>
<arg>Vul hier je toegangscode en wachtwoord in</arg>
</arguments>
<msg timestamp="20200503 19:39:45.429" level="INFO">Verifying element 'xpath=/html/body/form/center/table/tbody/tr[1]/td[2]' contains exact text 'Vul hier je toegangscode en wachtwoord in'.</msg>
<status status="PASS" starttime="20200503 19:39:45.428" endtime="20200503 19:39:45.756"></status>
</kw>
<status status="PASS" starttime="20200503 19:39:43.103" endtime="20200503 19:39:45.757"></status>
</kw>
<kw name="User Login with Valid Credentials" library="Aanloggen">
<arguments>
<arg>${user}</arg>
<arg>${password}</arg>
</arguments>
<kw name="Select Window" library="SeleniumLibrary">
<doc>DEPRECATED in SeleniumLibrary 4.0. , use `Switch Window` instead.</doc>
<status status="PASS" starttime="20200503 19:39:45.759" endtime="20200503 19:39:45.934"></status>
</kw>
<kw name="Wait Until Page Contains Element" library="SeleniumLibrary">
<doc>Waits until the element ``locator`` appears on the current page.</doc>
<arguments>
<arg>${PAGE_FRAME_MAIN}</arg>
</arguments>
<status status="PASS" starttime="20200503 19:39:45.935" endtime="20200503 19:39:46.056"></status>
</kw>
<kw name="Select Frame" library="SeleniumLibrary">
<doc>Sets frame identified by ``locator`` as the current frame.</doc>
<arguments>
<arg>${PAGE_FRAME_MAIN}</arg>
</arguments>
<msg timestamp="20200503 19:39:46.057" level="INFO">Selecting frame 'xpath=//iframe[@name='main']'.</msg>
<status status="PASS" starttime="20200503 19:39:46.056" endtime="20200503 19:39:46.311"></status>
</kw>
<kw name="Fill &quot;Toegangscode&quot; Field" library="Aanloggen">
<arguments>
<arg>${InputTextBox}</arg>
<arg>${user}</arg>
</arguments>
<kw name="Input Text" library="SeleniumLibrary">
<doc>Types the given ``text`` into the text field identified by ``locator``.</doc>
<arguments>
<arg>${InputTextBox}</arg>
<arg>${user}</arg>
</arguments>
<msg timestamp="20200503 19:39:46.314" level="INFO">Typing text 'admin' into text field 'css=input[Name=Naam]'.</msg>
<status status="PASS" starttime="20200503 19:39:46.313" endtime="20200503 19:39:47.066"></status>
</kw>
<status status="PASS" starttime="20200503 19:39:46.312" endtime="20200503 19:39:47.067"></status>
</kw>
<kw name="Fill &quot;Wachtwoord&quot; Field" library="Aanloggen">
<arguments>
<arg>${InputPasswordBox}</arg>
<arg>${password}</arg>
</arguments>
<kw name="Input Password" library="SeleniumLibrary">
<doc>Types the given password into the text field identified by ``locator``.</doc>
<arguments>
<arg>${InputPasswordBox}</arg>
<arg>${password}</arg>
</arguments>
<msg timestamp="20200503 19:39:47.071" level="INFO">Typing password into text field 'css=input[Name=secureontip]'.</msg>
<msg timestamp="20200503 19:39:47.299" level="INFO">Temporally setting log level to: NONE</msg>
<msg timestamp="20200503 19:39:48.156" level="INFO">Log level changed from NONE to INFO.</msg>
<status status="PASS" starttime="20200503 19:39:47.069" endtime="20200503 19:39:48.156"></status>
</kw>
<status status="PASS" starttime="20200503 19:39:47.067" endtime="20200503 19:39:48.157"></status>
</kw>
<kw name="Click &quot;Klik hier na invullen&quot; Button" library="Aanloggen">
<kw name="Wait Until Page Contains Element" library="SeleniumLibrary">
<doc>Waits until the element ``locator`` appears on the current page.</doc>
<arguments>
<arg>${SUBMIT_BUTTON}</arg>
</arguments>
<status status="PASS" starttime="20200503 19:39:48.158" endtime="20200503 19:39:48.244"></status>
</kw>
<kw name="Click Button" library="SeleniumLibrary">
<doc>Clicks the button identified by ``locator``.</doc>
<arguments>
<arg>${SUBMIT_BUTTON}</arg>
</arguments>
<msg timestamp="20200503 19:39:48.246" level="INFO">Clicking button 'xpath=/html/body/form/center/center/input'.</msg>
<status status="PASS" starttime="20200503 19:39:48.245" endtime="20200503 19:39:49.878"></status>
</kw>
<status status="PASS" starttime="20200503 19:39:48.157" endtime="20200503 19:39:49.878"></status>
</kw>
<kw name="Select Window" library="SeleniumLibrary">
<doc>DEPRECATED in SeleniumLibrary 4.0. , use `Switch Window` instead.</doc>
<status status="PASS" starttime="20200503 19:39:49.879" endtime="20200503 19:39:50.579"></status>
</kw>
<status status="PASS" starttime="20200503 19:39:45.757" endtime="20200503 19:39:50.580"></status>
</kw>
<status status="PASS" starttime="20200503 19:39:42.182" endtime="20200503 19:39:50.580"></status>
</kw>
<kw name="Verify user is aangelogd" library="OntipApp">
<kw name="Verify user is aangelogd" library="Aanloggen">
<assign>
<var>${ReturnedInfo}</var>
</assign>
<kw name="Wait Until Page Contains Element" library="SeleniumLibrary">
<doc>Waits until the element ``locator`` appears on the current page.</doc>
<arguments>
<arg>${MENU_OPTION_SELECTEER_TOERNOOI}</arg>
</arguments>
<status status="PASS" starttime="20200503 19:39:50.657" endtime="20200503 19:39:50.960"></status>
</kw>
<kw name="Element Text Should Be" library="SeleniumLibrary">
<doc>Verifies that element ``locator`` contains exact the text ``expected``.</doc>
<arguments>
<arg>${MENU_OPTION_SELECTEER_TOERNOOI}</arg>
<arg>Selecteer toernooi</arg>
</arguments>
<msg timestamp="20200503 19:39:50.961" level="INFO">Verifying element 'xpath=/html/body/div/table/tbody/tr/td[1]/table/tbody/tr[1]/td[2]' contains exact text 'Selecteer toernooi'.</msg>
<status status="PASS" starttime="20200503 19:39:50.960" endtime="20200503 19:39:51.166"></status>
</kw>
<kw name="Select Window" library="SeleniumLibrary">
<doc>DEPRECATED in SeleniumLibrary 4.0. , use `Switch Window` instead.</doc>
<status status="PASS" starttime="20200503 19:39:51.166" endtime="20200503 19:39:51.249"></status>
</kw>
<msg timestamp="20200503 19:39:51.249" level="INFO">${ReturnedInfo} = User is logged on!</msg>
<status status="PASS" starttime="20200503 19:39:50.655" endtime="20200503 19:39:51.249"></status>
</kw>
<kw name="Log" library="BuiltIn">
<doc>Logs the given message with the given level.</doc>
<arguments>
<arg>${ReturnedInfo}</arg>
</arguments>
<msg timestamp="20200503 19:39:51.250" level="INFO">User is logged on!</msg>
<status status="PASS" starttime="20200503 19:39:51.250" endtime="20200503 19:39:51.251"></status>
</kw>
<status status="PASS" starttime="20200503 19:39:50.651" endtime="20200503 19:39:51.251"></status>
</kw>
<kw name="Load &quot;Toernooi beheer&quot;" library="OntipApp">
<kw name="Load &quot;Toernooi beheer&quot;" library="MainPage">
<kw name="Wait Until Page Contains Element" library="SeleniumLibrary">
<doc>Waits until the element ``locator`` appears on the current page.</doc>
<arguments>
<arg>${MENU_OPTION_TOERNOOI_BEHEER}</arg>
</arguments>
<status status="PASS" starttime="20200503 19:39:51.277" endtime="20200503 19:39:51.397"></status>
</kw>
<kw name="Element Text Should Be" library="SeleniumLibrary">
<doc>Verifies that element ``locator`` contains exact the text ``expected``.</doc>
<arguments>
<arg>${MENU_OPTION_TOERNOOI_BEHEER}</arg>
<arg>Toernooi beheer</arg>
</arguments>
<msg timestamp="20200503 19:39:51.398" level="INFO">Verifying element 'xpath=/html/body/div/table/tbody/tr/td[1]/table/tbody/tr[3]/td[2]' contains exact text 'Toernooi beheer'.</msg>
<status status="PASS" starttime="20200503 19:39:51.397" endtime="20200503 19:39:51.635"></status>
</kw>
<kw name="Click Element" library="SeleniumLibrary">
<doc>Click the element identified by ``locator``.</doc>
<arguments>
<arg>${MENU_OPTION_TOERNOOI_BEHEER}</arg>
</arguments>
<msg timestamp="20200503 19:39:51.637" level="INFO">Clicking element 'xpath=/html/body/div/table/tbody/tr/td[1]/table/tbody/tr[3]/td[2]'.</msg>
<status status="PASS" starttime="20200503 19:39:51.636" endtime="20200503 19:39:54.601"></status>
</kw>
<status status="PASS" starttime="20200503 19:39:51.276" endtime="20200503 19:39:54.605"></status>
</kw>
<status status="PASS" starttime="20200503 19:39:51.275" endtime="20200503 19:39:54.606"></status>
</kw>
<kw name="Verify &quot;Toernooi beheer&quot; is loaded" library="OntipApp">
<kw name="Verify Page is loaded" library="ToernooiBeheerPage">
<kw name="Select Window" library="SeleniumLibrary">
<doc>DEPRECATED in SeleniumLibrary 4.0. , use `Switch Window` instead.</doc>
<status status="PASS" starttime="20200503 19:39:54.834" endtime="20200503 19:39:55.068"></status>
</kw>
<kw name="Page Should Contain Element" library="SeleniumLibrary">
<doc>Verifies that element ``locator`` is found on the current page.</doc>
<arguments>
<arg>${PAGE_FRAME_MAIN}</arg>
</arguments>
<msg timestamp="20200503 19:39:55.546" level="INFO">Current page contains element 'xpath=//iframe[@name='main']'.</msg>
<status status="PASS" starttime="20200503 19:39:55.069" endtime="20200503 19:39:55.547"></status>
</kw>
<kw name="Select Frame" library="SeleniumLibrary">
<doc>Sets frame identified by ``locator`` as the current frame.</doc>
<arguments>
<arg>${PAGE_FRAME_MAIN}</arg>
</arguments>
<msg timestamp="20200503 19:39:55.548" level="INFO">Selecting frame 'xpath=//iframe[@name='main']'.</msg>
<status status="PASS" starttime="20200503 19:39:55.547" endtime="20200503 19:39:56.813"></status>
</kw>
<kw name="Wait Until Page Contains Element" library="SeleniumLibrary">
<doc>Waits until the element ``locator`` appears on the current page.</doc>
<arguments>
<arg>${TOERNOOI_BEHEER_HEADER_TEXT}</arg>
</arguments>
<status status="PASS" starttime="20200503 19:39:56.814" endtime="20200503 19:39:56.965"></status>
</kw>
<kw name="Element Text Should Be" library="SeleniumLibrary">
<doc>Verifies that element ``locator`` contains exact the text ``expected``.</doc>
<arguments>
<arg>${TOERNOOI_BEHEER_HEADER_TEXT}</arg>
<arg>Toernooi (formulier) aanpassen</arg>
</arguments>
<msg timestamp="20200503 19:39:56.966" level="INFO">Verifying element 'xpath=/html/body/div[2]/h2' contains exact text 'Toernooi (formulier) aanpassen'.</msg>
<status status="PASS" starttime="20200503 19:39:56.966" endtime="20200503 19:39:57.416"></status>
</kw>
<kw name="Terug naar Hoofdmenu" library="ToernooiBeheerPage">
<kw name="Select Window" library="SeleniumLibrary">
<doc>DEPRECATED in SeleniumLibrary 4.0. , use `Switch Window` instead.</doc>
<status status="PASS" starttime="20200503 19:39:57.419" endtime="20200503 19:39:57.510"></status>
</kw>
<kw name="Page Should Contain Element" library="SeleniumLibrary">
<doc>Verifies that element ``locator`` is found on the current page.</doc>
<arguments>
<arg>${MENU_OPTION_HOOFDMENU}</arg>
</arguments>
<msg timestamp="20200503 19:39:57.712" level="INFO">Current page contains element 'xpath=/html/body/div/table/tbody/tr/td[1]/table/tbody/tr[1]/td[2]'.</msg>
<status status="PASS" starttime="20200503 19:39:57.510" endtime="20200503 19:39:57.712"></status>
</kw>
<kw name="Element Text Should Be" library="SeleniumLibrary">
<doc>Verifies that element ``locator`` contains exact the text ``expected``.</doc>
<arguments>
<arg>${MENU_OPTION_HOOFDMENU}</arg>
<arg>Hoofdmenu</arg>
</arguments>
<msg timestamp="20200503 19:39:57.713" level="INFO">Verifying element 'xpath=/html/body/div/table/tbody/tr/td[1]/table/tbody/tr[1]/td[2]' contains exact text 'Hoofdmenu'.</msg>
<status status="PASS" starttime="20200503 19:39:57.712" endtime="20200503 19:40:01.346"></status>
</kw>
<kw name="Click Element" library="SeleniumLibrary">
<doc>Click the element identified by ``locator``.</doc>
<arguments>
<arg>${MENU_OPTION_HOOFDMENU}</arg>
</arguments>
<msg timestamp="20200503 19:40:01.348" level="INFO">Clicking element 'xpath=/html/body/div/table/tbody/tr/td[1]/table/tbody/tr[1]/td[2]'.</msg>
<status status="PASS" starttime="20200503 19:40:01.347" endtime="20200503 19:40:13.597"></status>
</kw>
<status status="PASS" starttime="20200503 19:39:57.417" endtime="20200503 19:40:13.599"></status>
</kw>
<status status="PASS" starttime="20200503 19:39:54.833" endtime="20200503 19:40:13.599"></status>
</kw>
<status status="PASS" starttime="20200503 19:39:54.832" endtime="20200503 19:40:13.599"></status>
</kw>
<kw name="Logoff website" library="OntipApp">
<kw name="Verify optie &quot;Afloggen&quot;" library="MainPage">
<kw name="Page Should Contain Element" library="SeleniumLibrary">
<doc>Verifies that element ``locator`` is found on the current page.</doc>
<arguments>
<arg>${MENU_OPTION_AFLOGGEN}</arg>
</arguments>
<msg timestamp="20200503 19:40:14.771" level="INFO">Current page contains element 'xpath=/html/body/div/table/tbody/tr/td[1]/table/tbody/tr[7]/td[2]'.</msg>
<status status="PASS" starttime="20200503 19:40:13.807" endtime="20200503 19:40:14.772"></status>
</kw>
<kw name="Element Text Should Be" library="SeleniumLibrary">
<doc>Verifies that element ``locator`` contains exact the text ``expected``.</doc>
<arguments>
<arg>${MENU_OPTION_AFLOGGEN}</arg>
<arg>Uitloggen</arg>
</arguments>
<msg timestamp="20200503 19:40:14.774" level="INFO">Verifying element 'xpath=/html/body/div/table/tbody/tr/td[1]/table/tbody/tr[7]/td[2]' contains exact text 'Uitloggen'.</msg>
<status status="PASS" starttime="20200503 19:40:14.772" endtime="20200503 19:40:15.814"></status>
</kw>
<status status="PASS" starttime="20200503 19:40:13.805" endtime="20200503 19:40:15.815"></status>
</kw>
<kw name="Kies Optie &quot;Afloggen&quot;" library="MainPage">
<kw name="Click Element" library="SeleniumLibrary">
<doc>Click the element identified by ``locator``.</doc>
<arguments>
<arg>${MENU_OPTION_AFLOGGEN}</arg>
</arguments>
<msg timestamp="20200503 19:40:15.816" level="INFO">Clicking element 'xpath=/html/body/div/table/tbody/tr/td[1]/table/tbody/tr[7]/td[2]'.</msg>
<status status="PASS" starttime="20200503 19:40:15.816" endtime="20200503 19:40:22.086"></status>
</kw>
<status status="PASS" starttime="20200503 19:40:15.815" endtime="20200503 19:40:22.087"></status>
</kw>
<status status="PASS" starttime="20200503 19:40:13.803" endtime="20200503 19:40:22.087"></status>
</kw>
<kw name="End Web test" library="Common" type="teardown">
<kw name="Close Browser" library="SeleniumLibrary">
<doc>Closes the current browser.</doc>
<status status="PASS" starttime="20200503 19:40:22.424" endtime="20200503 19:41:10.418"></status>
</kw>
<status status="PASS" starttime="20200503 19:40:22.422" endtime="20200503 19:41:10.419"></status>
</kw>
<doc>Selecteer menu optie Toernooi beheer</doc>
<tags>
<tag>test22</tag>
<tag>test4</tag>
</tags>
<status status="PASS" starttime="20200503 19:39:09.719" endtime="20200503 19:41:10.433" critical="yes"></status>
</test>
<test id="s1-t6" name="Logged On user should be able to select Inschrijvingen">
<kw name="Begin Web Test" library="Common" type="setup">
<kw name="Open Browser" library="SeleniumLibrary">
<doc>Opens a new browser instance to the optional ``url``.</doc>
<arguments>
<arg>${URL}</arg>
<arg>${BROWSER}</arg>
</arguments>
<msg timestamp="20200503 19:41:10.445" level="INFO">Opening browser 'chrome' to base url 'https://www.petanqueinschrijven.com/boulamis'.</msg>
<status status="PASS" starttime="20200503 19:41:10.444" endtime="20200503 19:41:34.214"></status>
</kw>
<kw name="Maximize Browser Window" library="SeleniumLibrary">
<doc>Maximizes current browser window.</doc>
<status status="PASS" starttime="20200503 19:41:34.215" endtime="20200503 19:41:42.960"></status>
</kw>
<status status="PASS" starttime="20200503 19:41:10.443" endtime="20200503 19:41:42.960"></status>
</kw>
<kw name="Go To" library="SeleniumLibrary">
<doc>Navigates the current browser window to the provided ``url``.</doc>
<arguments>
<arg>${URL}</arg>
</arguments>
<msg timestamp="20200503 19:41:43.225" level="INFO">Opening url 'https://www.petanqueinschrijven.com/boulamis'</msg>
<status status="PASS" starttime="20200503 19:41:43.223" endtime="20200503 19:41:48.840"></status>
</kw>
<kw name="Aanloggen Met User En Wachtwoord" library="OntipApp">
<arguments>
<arg>${user}</arg>
<arg>${password}</arg>
</arguments>
<kw name="Verify optie &quot;Aanloggen&quot;" library="MainPage">
<kw name="Select Window" library="SeleniumLibrary">
<doc>DEPRECATED in SeleniumLibrary 4.0. , use `Switch Window` instead.</doc>
<status status="PASS" starttime="20200503 19:41:49.056" endtime="20200503 19:41:50.918"></status>
</kw>
<kw name="Page Should Contain Element" library="SeleniumLibrary">
<doc>Verifies that element ``locator`` is found on the current page.</doc>
<arguments>
<arg>${MENU_OPTION_AANLOGGEN}</arg>
</arguments>
<msg timestamp="20200503 19:41:51.876" level="INFO">Current page contains element 'xpath=/html/body/div/table/tbody/tr/td[1]/table/tbody/tr[1]/td[2]'.</msg>
<status status="PASS" starttime="20200503 19:41:50.919" endtime="20200503 19:41:51.877"></status>
</kw>
<kw name="Get Text" library="SeleniumLibrary">
<doc>Returns the text value of the element identified by ``locator``.</doc>
<arguments>
<arg>${MENU_OPTION_AANLOGGEN}</arg>
</arguments>
<assign>
<var>${menu_option_text}</var>
</assign>
<msg timestamp="20200503 19:41:52.816" level="INFO">${menu_option_text} = Aanloggen</msg>
<status status="PASS" starttime="20200503 19:41:51.878" endtime="20200503 19:41:52.816"></status>
</kw>
<kw name="Log" library="BuiltIn">
<doc>Logs the given message with the given level.</doc>
<arguments>
<arg>${menu_option_text}</arg>
</arguments>
<msg timestamp="20200503 19:41:52.817" level="INFO">Aanloggen</msg>
<status status="PASS" starttime="20200503 19:41:52.816" endtime="20200503 19:41:52.817"></status>
</kw>
<kw name="Run Keyword If" library="BuiltIn">
<doc>Runs the given keyword with the given arguments, if ``condition`` is true.</doc>
<arguments>
<arg>'${menu_option_text}' != 'Aanloggen'</arg>
<arg>Kies Optie "Afloggen"</arg>
</arguments>
<status status="PASS" starttime="20200503 19:41:52.817" endtime="20200503 19:41:52.818"></status>
</kw>
<status status="PASS" starttime="20200503 19:41:49.053" endtime="20200503 19:41:52.819"></status>
</kw>
<kw name="Kies Optie &quot;Aanloggen&quot;" library="MainPage">
<kw name="Click Element" library="SeleniumLibrary">
<doc>Click the element identified by ``locator``.</doc>
<arguments>
<arg>${MENU_OPTION_AANLOGGEN}</arg>
</arguments>
<msg timestamp="20200503 19:41:52.821" level="INFO">Clicking element 'xpath=/html/body/div/table/tbody/tr/td[1]/table/tbody/tr[1]/td[2]'.</msg>
<status status="PASS" starttime="20200503 19:41:52.820" endtime="20200503 19:41:55.040"></status>
</kw>
<status status="PASS" starttime="20200503 19:41:52.819" endtime="20200503 19:41:55.040"></status>
</kw>
<kw name="Verify Page Loaded" library="Aanloggen">
<kw name="Wait Until Page Contains Element" library="SeleniumLibrary">
<doc>Waits until the element ``locator`` appears on the current page.</doc>
<arguments>
<arg>${PAGE_FRAME_MAIN}</arg>
</arguments>
<status status="PASS" starttime="20200503 19:41:55.041" endtime="20200503 19:41:55.602"></status>
</kw>
<kw name="Select Frame" library="SeleniumLibrary">
<doc>Sets frame identified by ``locator`` as the current frame.</doc>
<arguments>
<arg>${PAGE_FRAME_MAIN}</arg>
</arguments>
<msg timestamp="20200503 19:41:55.604" level="INFO">Selecting frame 'xpath=//iframe[@name='main']'.</msg>
<status status="PASS" starttime="20200503 19:41:55.603" endtime="20200503 19:41:59.852"></status>
</kw>
<kw name="Sleep" library="BuiltIn">
<doc>Pauses the test executed for the given time.</doc>
<arguments>
<arg>2s</arg>
</arguments>
<msg timestamp="20200503 19:42:01.854" level="INFO">Slept 2 seconds</msg>
<status status="PASS" starttime="20200503 19:41:59.852" endtime="20200503 19:42:01.855"></status>
</kw>
<kw name="Wait Until Page Contains Element" library="SeleniumLibrary">
<doc>Waits until the element ``locator`` appears on the current page.</doc>
<arguments>
<arg>${AANLOGGEN_INPUT_HEADER_TEXT}</arg>
</arguments>
<status status="PASS" starttime="20200503 19:42:01.855" endtime="20200503 19:42:02.299"></status>
</kw>
<kw name="Element Text Should Be" library="SeleniumLibrary">
<doc>Verifies that element ``locator`` contains exact the text ``expected``.</doc>
<arguments>
<arg>${AANLOGGEN_INPUT_HEADER_TEXT}</arg>
<arg>Vul hier je toegangscode en wachtwoord in</arg>
</arguments>
[...]
</kw>
<kw name="Wait Until Page Contains Element" library="SeleniumLibrary">
<doc>Waits until the element ``locator`` appears on the current page.</doc>
<arguments>
<arg>${OVERIG_HEADER_TEXT}</arg>
</arguments>
<status status="PASS" starttime="20200503 19:43:42.187" endtime="20200503 19:43:42.222"></status>
</kw>
<kw name="Element Text Should Be" library="SeleniumLibrary">
<doc>Verifies that element ``locator`` contains exact the text ``expected``.</doc>
<arguments>
<arg>${OVERIG_HEADER_TEXT}</arg>
<arg>Overig</arg>
</arguments>
<msg timestamp="20200503 19:43:42.223" level="INFO">Verifying element 'xpath=/html/body/div[2]/h2' contains exact text 'Overig'.</msg>
<status status="PASS" starttime="20200503 19:43:42.222" endtime="20200503 19:43:42.279"></status>
</kw>
<kw name="Select Window" library="SeleniumLibrary">
<doc>DEPRECATED in SeleniumLibrary 4.0. , use `Switch Window` instead.</doc>
<status status="PASS" starttime="20200503 19:43:42.279" endtime="20200503 19:43:42.298"></status>
</kw>
<kw name="Page Should Contain Element" library="SeleniumLibrary">
<doc>Verifies that element ``locator`` is found on the current page.</doc>
<arguments>
<arg>${MENU_OPTION_HOOFDMENU}</arg>
</arguments>
<msg timestamp="20200503 19:43:42.328" level="INFO">Current page contains element 'xpath=/html/body/div/table/tbody/tr/td[1]/table/tbody/tr[1]/td[2]'.</msg>
<status status="PASS" starttime="20200503 19:43:42.299" endtime="20200503 19:43:42.329"></status>
</kw>
<kw name="Element Text Should Be" library="SeleniumLibrary">
<doc>Verifies that element ``locator`` contains exact the text ``expected``.</doc>
<arguments>
<arg>${MENU_OPTION_HOOFDMENU}</arg>
<arg>Hoofdmenu</arg>
</arguments>
<msg timestamp="20200503 19:43:42.330" level="INFO">Verifying element 'xpath=/html/body/div/table/tbody/tr/td[1]/table/tbody/tr[1]/td[2]' contains exact text 'Hoofdmenu'.</msg>
<status status="PASS" starttime="20200503 19:43:42.329" endtime="20200503 19:43:42.399"></status>
</kw>
<kw name="Click Element" library="SeleniumLibrary">
<doc>Click the element identified by ``locator``.</doc>
<arguments>
<arg>${MENU_OPTION_HOOFDMENU}</arg>
</arguments>
<msg timestamp="20200503 19:43:42.400" level="INFO">Clicking element 'xpath=/html/body/div/table/tbody/tr/td[1]/table/tbody/tr[1]/td[2]'.</msg>
<status status="PASS" starttime="20200503 19:43:42.399" endtime="20200503 19:43:43.755"></status>
</kw>
<status status="PASS" starttime="20200503 19:43:41.996" endtime="20200503 19:43:43.757"></status>
</kw>
<status status="PASS" starttime="20200503 19:43:41.995" endtime="20200503 19:43:43.758"></status>
</kw>
<kw name="Logoff website" library="OntipApp">
<kw name="Verify optie &quot;Afloggen&quot;" library="MainPage">
<kw name="Page Should Contain Element" library="SeleniumLibrary">
<doc>Verifies that element ``locator`` is found on the current page.</doc>
<arguments>
<arg>${MENU_OPTION_AFLOGGEN}</arg>
</arguments>
<msg timestamp="20200503 19:43:43.861" level="INFO">Current page contains element 'xpath=/html/body/div/table/tbody/tr/td[1]/table/tbody/tr[7]/td[2]'.</msg>
<status status="PASS" starttime="20200503 19:43:43.764" endtime="20200503 19:43:43.862"></status>
</kw>
<kw name="Element Text Should Be" library="SeleniumLibrary">
<doc>Verifies that element ``locator`` contains exact the text ``expected``.</doc>
<arguments>
<arg>${MENU_OPTION_AFLOGGEN}</arg>
<arg>Uitloggen</arg>
</arguments>
<msg timestamp="20200503 19:43:43.863" level="INFO">Verifying element 'xpath=/html/body/div/table/tbody/tr/td[1]/table/tbody/tr[7]/td[2]' contains exact text 'Uitloggen'.</msg>
<status status="PASS" starttime="20200503 19:43:43.862" endtime="20200503 19:43:44.053"></status>
</kw>
<status status="PASS" starttime="20200503 19:43:43.763" endtime="20200503 19:43:44.054"></status>
</kw>
<kw name="Kies Optie &quot;Afloggen&quot;" library="MainPage">
<kw name="Click Element" library="SeleniumLibrary">
<doc>Click the element identified by ``locator``.</doc>
<arguments>
<arg>${MENU_OPTION_AFLOGGEN}</arg>
</arguments>
<msg timestamp="20200503 19:43:44.058" level="INFO">Clicking element 'xpath=/html/body/div/table/tbody/tr/td[1]/table/tbody/tr[7]/td[2]'.</msg>
<status status="PASS" starttime="20200503 19:43:44.057" endtime="20200503 19:43:44.652"></status>
</kw>
<status status="PASS" starttime="20200503 19:43:44.055" endtime="20200503 19:43:44.653"></status>
</kw>
<status status="PASS" starttime="20200503 19:43:43.762" endtime="20200503 19:43:44.653"></status>
</kw>
<kw name="End Web test" library="Common" type="teardown">
<kw name="Close Browser" library="SeleniumLibrary">
<doc>Closes the current browser.</doc>
<status status="PASS" starttime="20200503 19:43:44.666" endtime="20200503 19:43:51.541"></status>
</kw>
<status status="PASS" starttime="20200503 19:43:44.663" endtime="20200503 19:43:51.542"></status>
</kw>
<doc>Selecteer menu optie Overig</doc>
<tags>
<tag>test7</tag>
</tags>
<status status="PASS" starttime="20200503 19:43:06.978" endtime="20200503 19:43:51.542" critical="yes"></status>
</test>
<test id="s1-t9" name="Logged On user should be able to select Afloggen">
<kw name="Begin Web Test" library="Common" type="setup">
<kw name="Open Browser" library="SeleniumLibrary">
<doc>Opens a new browser instance to the optional ``url``.</doc>
<arguments>
<arg>${URL}</arg>
<arg>${BROWSER}</arg>
</arguments>
<msg timestamp="20200503 19:43:51.548" level="INFO">Opening browser 'chrome' to base url 'https://www.petanqueinschrijven.com/boulamis'.</msg>
<status status="PASS" starttime="20200503 19:43:51.547" endtime="20200503 19:44:02.926"></status>
</kw>
<kw name="Maximize Browser Window" library="SeleniumLibrary">
<doc>Maximizes current browser window.</doc>
<status status="PASS" starttime="20200503 19:44:02.927" endtime="20200503 19:44:07.791"></status>
</kw>
<status status="PASS" starttime="20200503 19:43:51.546" endtime="20200503 19:44:07.791"></status>
</kw>
<kw name="Go To" library="SeleniumLibrary">
<doc>Navigates the current browser window to the provided ``url``.</doc>
<arguments>
<arg>${URL}</arg>
</arguments>
<msg timestamp="20200503 19:44:08.086" level="INFO">Opening url 'https://www.petanqueinschrijven.com/boulamis'</msg>
<status status="PASS" starttime="20200503 19:44:08.083" endtime="20200503 19:44:09.291"></status>
</kw>
<kw name="Aanloggen Met User En Wachtwoord" library="OntipApp">
<arguments>
<arg>${user}</arg>
<arg>${password}</arg>
</arguments>
<kw name="Verify optie &quot;Aanloggen&quot;" library="MainPage">
<kw name="Select Window" library="SeleniumLibrary">
<doc>DEPRECATED in SeleniumLibrary 4.0. , use `Switch Window` instead.</doc>
<status status="PASS" starttime="20200503 19:44:09.355" endtime="20200503 19:44:09.669"></status>
</kw>
<kw name="Page Should Contain Element" library="SeleniumLibrary">
<doc>Verifies that element ``locator`` is found on the current page.</doc>
<arguments>
<arg>${MENU_OPTION_AANLOGGEN}</arg>
</arguments>
<msg timestamp="20200503 19:44:10.037" level="INFO">Current page contains element 'xpath=/html/body/div/table/tbody/tr/td[1]/table/tbody/tr[1]/td[2]'.</msg>
<status status="PASS" starttime="20200503 19:44:09.670" endtime="20200503 19:44:10.037"></status>
</kw>
<kw name="Get Text" library="SeleniumLibrary">
<doc>Returns the text value of the element identified by ``locator``.</doc>
<arguments>
<arg>${MENU_OPTION_AANLOGGEN}</arg>
</arguments>
<assign>
<var>${menu_option_text}</var>
</assign>
<msg timestamp="20200503 19:44:10.103" level="INFO">${menu_option_text} = Aanloggen</msg>
<status status="PASS" starttime="20200503 19:44:10.037" endtime="20200503 19:44:10.103"></status>
</kw>
<kw name="Log" library="BuiltIn">
<doc>Logs the given message with the given level.</doc>
<arguments>
<arg>${menu_option_text}</arg>
</arguments>
<msg timestamp="20200503 19:44:10.104" level="INFO">Aanloggen</msg>
<status status="PASS" starttime="20200503 19:44:10.103" endtime="20200503 19:44:10.104"></status>
</kw>
<kw name="Run Keyword If" library="BuiltIn">
<doc>Runs the given keyword with the given arguments, if ``condition`` is true.</doc>
<arguments>
<arg>'${menu_option_text}' != 'Aanloggen'</arg>
<arg>Kies Optie "Afloggen"</arg>
</arguments>
<status status="PASS" starttime="20200503 19:44:10.105" endtime="20200503 19:44:10.105"></status>
</kw>
<status status="PASS" starttime="20200503 19:44:09.354" endtime="20200503 19:44:10.106"></status>
</kw>
<kw name="Kies Optie &quot;Aanloggen&quot;" library="MainPage">
<kw name="Click Element" library="SeleniumLibrary">
<doc>Click the element identified by ``locator``.</doc>
<arguments>
<arg>${MENU_OPTION_AANLOGGEN}</arg>
</arguments>
<msg timestamp="20200503 19:44:10.108" level="INFO">Clicking element 'xpath=/html/body/div/table/tbody/tr/td[1]/table/tbody/tr[1]/td[2]'.</msg>
<status status="PASS" starttime="20200503 19:44:10.107" endtime="20200503 19:44:10.366"></status>
</kw>
<status status="PASS" starttime="20200503 19:44:10.106" endtime="20200503 19:44:10.373"></status>
</kw>
<kw name="Verify Page Loaded" library="Aanloggen">
<kw name="Wait Until Page Contains Element" library="SeleniumLibrary">
<doc>Waits until the element ``locator`` appears on the current page.</doc>
<arguments>
<arg>${PAGE_FRAME_MAIN}</arg>
</arguments>
<status status="PASS" starttime="20200503 19:44:10.375" endtime="20200503 19:44:10.662"></status>
</kw>
<kw name="Select Frame" library="SeleniumLibrary">
<doc>Sets frame identified by ``locator`` as the current frame.</doc>
<arguments>
<arg>${PAGE_FRAME_MAIN}</arg>
</arguments>
<msg timestamp="20200503 19:44:10.663" level="INFO">Selecting frame 'xpath=//iframe[@name='main']'.</msg>
<status status="PASS" starttime="20200503 19:44:10.662" endtime="20200503 19:44:11.171"></status>
</kw>
<kw name="Sleep" library="BuiltIn">
<doc>Pauses the test executed for the given time.</doc>
<arguments>
<arg>2s</arg>
</arguments>
<msg timestamp="20200503 19:44:13.173" level="INFO">Slept 2 seconds</msg>
<status status="PASS" starttime="20200503 19:44:11.171" endtime="20200503 19:44:13.173"></status>
</kw>
<kw name="Wait Until Page Contains Element" library="SeleniumLibrary">
<doc>Waits until the element ``locator`` appears on the current page.</doc>
<arguments>
<arg>${AANLOGGEN_INPUT_HEADER_TEXT}</arg>
</arguments>
<status status="PASS" starttime="20200503 19:44:13.174" endtime="20200503 19:44:13.307"></status>
</kw>
<kw name="Element Text Should Be" library="SeleniumLibrary">
<doc>Verifies that element ``locator`` contains exact the text ``expected``.</doc>
<arguments>
<arg>${AANLOGGEN_INPUT_HEADER_TEXT}</arg>
<arg>Vul hier je toegangscode en wachtwoord in</arg>
</arguments>
<msg timestamp="20200503 19:44:13.309" level="INFO">Verifying element 'xpath=/html/body/form/center/table/tbody/tr[1]/td[2]' contains exact text 'Vul hier je toegangscode en wachtwoord in'.</msg>
<status status="PASS" starttime="20200503 19:44:13.308" endtime="20200503 19:44:13.442"></status>
</kw>
<status status="PASS" starttime="20200503 19:44:10.374" endtime="20200503 19:44:13.442"></status>
</kw>
<kw name="User Login with Valid Credentials" library="Aanloggen">
<arguments>
<arg>${user}</arg>
<arg>${password}</arg>
</arguments>
<kw name="Select Window" library="SeleniumLibrary">
<doc>DEPRECATED in SeleniumLibrary 4.0. , use `Switch Window` instead.</doc>
<status status="PASS" starttime="20200503 19:44:13.443" endtime="20200503 19:44:13.552"></status>
</kw>
<kw name="Wait Until Page Contains Element" library="SeleniumLibrary">
<doc>Waits until the element ``locator`` appears on the current page.</doc>
<arguments>
<arg>${PAGE_FRAME_MAIN}</arg>
</arguments>
<status status="PASS" starttime="20200503 19:44:13.553" endtime="20200503 19:44:13.788"></status>
</kw>
<kw name="Select Frame" library="SeleniumLibrary">
<doc>Sets frame identified by ``locator`` as the current frame.</doc>
<arguments>
<arg>${PAGE_FRAME_MAIN}</arg>
</arguments>
<msg timestamp="20200503 19:44:13.790" level="INFO">Selecting frame 'xpath=//iframe[@name='main']'.</msg>
<status status="PASS" starttime="20200503 19:44:13.789" endtime="20200503 19:44:13.969"></status>
</kw>
<kw name="Fill &quot;Toegangscode&quot; Field" library="Aanloggen">
<arguments>
<arg>${InputTextBox}</arg>
<arg>${user}</arg>
</arguments>
<kw name="Input Text" library="SeleniumLibrary">
<doc>Types the given ``text`` into the text field identified by ``locator``.</doc>
<arguments>
<arg>${InputTextBox}</arg>
<arg>${user}</arg>
</arguments>
<msg timestamp="20200503 19:44:13.971" level="INFO">Typing text 'admin' into text field 'css=input[Name=Naam]'.</msg>
<status status="PASS" starttime="20200503 19:44:13.971" endtime="20200503 19:44:14.949"></status>
</kw>
<status status="PASS" starttime="20200503 19:44:13.969" endtime="20200503 19:44:14.950"></status>
</kw>
<kw name="Fill &quot;Wachtwoord&quot; Field" library="Aanloggen">
<arguments>
<arg>${InputPasswordBox}</arg>
<arg>${password}</arg>
</arguments>
<kw name="Input Password" library="SeleniumLibrary">
<doc>Types the given password into the text field identified by ``locator``.</doc>
<arguments>
<arg>${InputPasswordBox}</arg>
<arg>${password}</arg>
</arguments>
<msg timestamp="20200503 19:44:14.953" level="INFO">Typing password into text field 'css=input[Name=secureontip]'.</msg>
<msg timestamp="20200503 19:44:15.099" level="INFO">Temporally setting log level to: NONE</msg>
<msg timestamp="20200503 19:44:15.690" level="INFO">Log level changed from NONE to INFO.</msg>
<status status="PASS" starttime="20200503 19:44:14.952" endtime="20200503 19:44:15.690"></status>
</kw>
<status status="PASS" starttime="20200503 19:44:14.950" endtime="20200503 19:44:15.690"></status>
</kw>
<kw name="Click &quot;Klik hier na invullen&quot; Button" library="Aanloggen">
<kw name="Wait Until Page Contains Element" library="SeleniumLibrary">
<doc>Waits until the element ``locator`` appears on the current page.</doc>
<arguments>
<arg>${SUBMIT_BUTTON}</arg>
</arguments>
<status status="PASS" starttime="20200503 19:44:15.691" endtime="20200503 19:44:15.727"></status>
</kw>
<kw name="Click Button" library="SeleniumLibrary">
<doc>Clicks the button identified by ``locator``.</doc>
<arguments>
<arg>${SUBMIT_BUTTON}</arg>
</arguments>
<msg timestamp="20200503 19:44:15.727" level="INFO">Clicking button 'xpath=/html/body/form/center/center/input'.</msg>
<status status="PASS" starttime="20200503 19:44:15.727" endtime="20200503 19:44:16.579"></status>
</kw>
<status status="PASS" starttime="20200503 19:44:15.691" endtime="20200503 19:44:16.580"></status>
</kw>
<kw name="Select Window" library="SeleniumLibrary">
<doc>DEPRECATED in SeleniumLibrary 4.0. , use `Switch Window` instead.</doc>
<status status="PASS" starttime="20200503 19:44:16.580" endtime="20200503 19:44:17.300"></status>
</kw>
<status status="PASS" starttime="20200503 19:44:13.443" endtime="20200503 19:44:17.300"></status>
</kw>
<status status="PASS" starttime="20200503 19:44:09.353" endtime="20200503 19:44:17.301"></status>
</kw>
<kw name="Verify user is aangelogd" library="OntipApp">
<kw name="Verify user is aangelogd" library="Aanloggen">
<assign>
<var>${ReturnedInfo}</var>
</assign>
<kw name="Wait Until Page Contains Element" library="SeleniumLibrary">
<doc>Waits until the element ``locator`` appears on the current page.</doc>
<arguments>
<arg>${MENU_OPTION_SELECTEER_TOERNOOI}</arg>
</arguments>
<status status="PASS" starttime="20200503 19:44:17.330" endtime="20200503 19:44:17.795"></status>
</kw>
<kw name="Element Text Should Be" library="SeleniumLibrary">
<doc>Verifies that element ``locator`` contains exact the text ``expected``.</doc>
<arguments>
<arg>${MENU_OPTION_SELECTEER_TOERNOOI}</arg>
<arg>Selecteer toernooi</arg>
</arguments>
<msg timestamp="20200503 19:44:17.796" level="INFO">Verifying element 'xpath=/html/body/div/table/tbody/tr/td[1]/table/tbody/tr[1]/td[2]' contains exact text 'Selecteer toernooi'.</msg>
<status status="PASS" starttime="20200503 19:44:17.795" endtime="20200503 19:44:18.307"></status>
</kw>
<kw name="Select Window" library="SeleniumLibrary">
<doc>DEPRECATED in SeleniumLibrary 4.0. , use `Switch Window` instead.</doc>
<status status="PASS" starttime="20200503 19:44:18.308" endtime="20200503 19:44:18.740"></status>
</kw>
<msg timestamp="20200503 19:44:18.741" level="INFO">${ReturnedInfo} = User is logged on!</msg>
<status status="PASS" starttime="20200503 19:44:17.329" endtime="20200503 19:44:18.741"></status>
</kw>
<kw name="Log" library="BuiltIn">
<doc>Logs the given message with the given level.</doc>
<arguments>
<arg>${ReturnedInfo}</arg>
</arguments>
<msg timestamp="20200503 19:44:18.743" level="INFO">User is logged on!</msg>
<status status="PASS" starttime="20200503 19:44:18.741" endtime="20200503 19:44:18.744"></status>
</kw>
<status status="PASS" starttime="20200503 19:44:17.327" endtime="20200503 19:44:18.744"></status>
</kw>
<kw name="Logoff website" library="OntipApp">
<kw name="Verify optie &quot;Afloggen&quot;" library="MainPage">
<kw name="Page Should Contain Element" library="SeleniumLibrary">
<doc>Verifies that element ``locator`` is found on the current page.</doc>
<arguments>
<arg>${MENU_OPTION_AFLOGGEN}</arg>
</arguments>
<msg timestamp="20200503 19:44:19.231" level="INFO">Current page contains element 'xpath=/html/body/div/table/tbody/tr/td[1]/table/tbody/tr[7]/td[2]'.</msg>
<status status="PASS" starttime="20200503 19:44:18.754" endtime="20200503 19:44:19.232"></status>
</kw>
<kw name="Element Text Should Be" library="SeleniumLibrary">
<doc>Verifies that element ``locator`` contains exact the text ``expected``.</doc>
<arguments>
<arg>${MENU_OPTION_AFLOGGEN}</arg>
<arg>Uitloggen</arg>
</arguments>
<msg timestamp="20200503 19:44:19.233" level="INFO">Verifying element 'xpath=/html/body/div/table/tbody/tr/td[1]/table/tbody/tr[7]/td[2]' contains exact text 'Uitloggen'.</msg>
<status status="PASS" starttime="20200503 19:44:19.232" endtime="20200503 19:44:19.559"></status>
</kw>
<status status="PASS" starttime="20200503 19:44:18.753" endtime="20200503 19:44:19.559"></status>
</kw>
<kw name="Kies Optie &quot;Afloggen&quot;" library="MainPage">
<kw name="Click Element" library="SeleniumLibrary">
<doc>Click the element identified by ``locator``.</doc>
<arguments>
<arg>${MENU_OPTION_AFLOGGEN}</arg>
</arguments>
<msg timestamp="20200503 19:44:19.562" level="INFO">Clicking element 'xpath=/html/body/div/table/tbody/tr/td[1]/table/tbody/tr[7]/td[2]'.</msg>
<status status="PASS" starttime="20200503 19:44:19.561" endtime="20200503 19:44:20.180"></status>
</kw>
<status status="PASS" starttime="20200503 19:44:19.560" endtime="20200503 19:44:20.180"></status>
</kw>
<status status="PASS" starttime="20200503 19:44:18.751" endtime="20200503 19:44:20.180"></status>
</kw>
<kw name="End Web test" library="Common" type="teardown">
<kw name="Close Browser" library="SeleniumLibrary">
<doc>Closes the current browser.</doc>
<status status="PASS" starttime="20200503 19:44:20.205" endtime="20200503 19:44:27.602"></status>
</kw>
<status status="PASS" starttime="20200503 19:44:20.204" endtime="20200503 19:44:27.603"></status>
</kw>
<doc>Selecteer menu optie Afloggen</doc>
<tags>
<tag>test8</tag>
</tags>
<status status="PASS" starttime="20200503 19:43:51.544" endtime="20200503 19:44:27.604" critical="yes"></status>
</test>
<doc>In deze test worden alle menu opties doorlopen onder het Hoofdmenu</doc>
<status status="PASS" starttime="20200503 19:35:05.936" endtime="20200503 19:44:27.610"></status>
</suite>
<statistics>
<total>
<stat pass="9" fail="0">Critical Tests</stat>
<stat pass="9" fail="0">All Tests</stat>
</total>
<tag>
<stat pass="2" fail="0">test1</stat>
<stat pass="1" fail="0">test2</stat>
<stat pass="2" fail="0">test22</stat>
<stat pass="1" fail="0">test3</stat>
<stat pass="1" fail="0">test4</stat>
<stat pass="1" fail="0">test5</stat>
<stat pass="1" fail="0">test6</stat>
<stat pass="1" fail="0">test7</stat>
<stat pass="1" fail="0">test8</stat>
</tag>
<suite>
<stat pass="9" fail="0" id="s1" name="NavigatieHoofdMenu">NavigatieHoofdMenu</stat>
</suite>
</statistics>
<errors>
</errors>
</robot>
