<?xml version="1.0" encoding="UTF-8"?>
<robot generator="Robot 3.1.2 (Python 3.7.7 on win32)" generated="20200513 16:18:15.997" rpa="false">
<suite id="s1" name="CheckInschrijvenToernooi" source="C:\Users\Gebruiker\OneDrive\GitHub\RF_petanqueinschrijven\tests\CheckInschrijvenToernooi.robot">
<test id="s1-t1" name="Validate if inschrijvingen exist">
<kw name="Connect" library="MySql" type="setup">
<kw name="Connect To Database" library="DatabaseLibrary">
<doc>Loads the DB API 2.0 module given `dbapiModuleName` then uses it to
connect to the database using `dbName`, `dbUsername`, and `dbPassword`.</doc>
<arguments>
<arg>pymysql</arg>
<arg>${DB_NAME}</arg>
<arg>${DB_USER_NAME}</arg>
<arg>${DB_USER_PASSWORD}</arg>
<arg>${DB_HOST}</arg>
<arg>${DB_PORT}</arg>
</arguments>
<msg timestamp="20200513 16:18:16.271" level="INFO">Connecting using : pymysql.connect(db=u875346739_ontipnlv_db, user=u875346739_ontip, passwd=Obelikx61#, host=45.87.80.101, port=3306, charset=None) </msg>
<status status="PASS" starttime="20200513 16:18:16.211" endtime="20200513 16:18:16.330"></status>
</kw>
<status status="PASS" starttime="20200513 16:18:16.210" endtime="20200513 16:18:16.331"></status>
</kw>
<kw name="Validate if inschrijvingen exist" library="MySql">
<doc>Kontroleer of er inschrijvingen zijn voor dit toernooi</doc>
<arguments>
<arg>${toernooi}</arg>
</arguments>
<kw name="Row Count" library="DatabaseLibrary">
<doc>Uses the input `selectStatement` to query the database and returns the number of rows from the query. Set
optional input `sansTran` to True to run command without an explicit transaction commit or rollback.</doc>
<arguments>
<arg>SELECT * FROM inschrijf Where Toernooi = '${toernooi}';</arg>
</arguments>
<assign>
<var>${current_row_count}</var>
</assign>
<msg timestamp="20200513 16:18:16.334" level="INFO">Executing : Row Count  |  SELECT * FROM inschrijf Where Toernooi = 'erik_test_toernooi'; </msg>
<msg timestamp="20200513 16:18:16.354" level="INFO">${current_row_count} = 2</msg>
<status status="PASS" starttime="20200513 16:18:16.333" endtime="20200513 16:18:16.354"></status>
</kw>
<kw name="Log" library="BuiltIn">
<doc>Logs the given message with the given level.</doc>
<arguments>
<arg>${current_row_count}</arg>
</arguments>
<msg timestamp="20200513 16:18:16.355" level="INFO">2</msg>
<status status="PASS" starttime="20200513 16:18:16.354" endtime="20200513 16:18:16.355"></status>
</kw>
<kw name="Row Count Is Greater Than X" library="DatabaseLibrary">
<doc>Check if the number of rows returned from `selectStatement` is greater than the value submitted. If not, then
this will throw an AssertionError. Set optional input `sansTran` to True to run command without an explicit
transaction commit or rollback.</doc>
<arguments>
<arg>SELECT * FROM inschrijf Where Toernooi = '${toernooi}';</arg>
<arg>0</arg>
</arguments>
<msg timestamp="20200513 16:18:16.357" level="INFO">Executing : Row Count Is Greater Than X  |  SELECT * FROM inschrijf Where Toernooi = 'erik_test_toernooi';  |  0 </msg>
<msg timestamp="20200513 16:18:16.357" level="INFO">Executing : Row Count  |  SELECT * FROM inschrijf Where Toernooi = 'erik_test_toernooi'; </msg>
<status status="PASS" starttime="20200513 16:18:16.356" endtime="20200513 16:18:16.379"></status>
</kw>
<status status="PASS" starttime="20200513 16:18:16.332" endtime="20200513 16:18:16.379"></status>
</kw>
<kw name="Disconnect" library="MySql" type="teardown">
<kw name="Disconnect From Database" library="DatabaseLibrary">
<doc>Disconnects from the database.</doc>
<msg timestamp="20200513 16:18:16.381" level="INFO">Executing : Disconnect From Database</msg>
<status status="PASS" starttime="20200513 16:18:16.381" endtime="20200513 16:18:16.382"></status>
</kw>
<status status="PASS" starttime="20200513 16:18:16.380" endtime="20200513 16:18:16.382"></status>
</kw>
<doc>Check in de database of er inschrijvingen zijn voor dit toernooi</doc>
<status status="PASS" starttime="20200513 16:18:16.209" endtime="20200513 16:18:16.383" critical="yes"></status>
</test>
<test id="s1-t2" name="Kontrole of inschrijving gelukt is">
<kw name="Connect" library="MySql" type="setup">
<kw name="Connect To Database" library="DatabaseLibrary">
<doc>Loads the DB API 2.0 module given `dbapiModuleName` then uses it to
connect to the database using `dbName`, `dbUsername`, and `dbPassword`.</doc>
<arguments>
<arg>pymysql</arg>
<arg>${DB_NAME}</arg>
<arg>${DB_USER_NAME}</arg>
<arg>${DB_USER_PASSWORD}</arg>
<arg>${DB_HOST}</arg>
<arg>${DB_PORT}</arg>
</arguments>
<msg timestamp="20200513 16:18:16.389" level="INFO">Connecting using : pymysql.connect(db=u875346739_ontipnlv_db, user=u875346739_ontip, passwd=Obelikx61#, host=45.87.80.101, port=3306, charset=None) </msg>
<status status="PASS" starttime="20200513 16:18:16.388" endtime="20200513 16:18:16.427"></status>
</kw>
<status status="PASS" starttime="20200513 16:18:16.387" endtime="20200513 16:18:16.427"></status>
</kw>
<kw name="Validate &quot;Inschrijving geregistreerd&quot;" library="MySql">
<arguments>
<arg>${LICENTIE1}</arg>
</arguments>
<kw name="Query" library="DatabaseLibrary">
<doc>Uses the input `selectStatement` to query for the values that will be returned as a list of tuples. Set optional
input `sansTran` to True to run command without an explicit transaction commit or rollback.
Set optional input `returnAsDict` to True to return values as a list of dictionaries.</doc>
<arguments>
<arg>SELECT Licentie1, Naam1, Toernooi, Kenmerk FROM inschrijf ORDER BY Inschrijving DESC LIMIT 1</arg>
</arguments>
<assign>
<var>${queryResults}</var>
</assign>
<msg timestamp="20200513 16:18:16.429" level="INFO">Executing : Query  |  SELECT Licentie1, Naam1, Toernooi, Kenmerk FROM inschrijf ORDER BY Inschrijving DESC LIMIT 1 </msg>
<msg timestamp="20200513 16:18:16.448" level="INFO">${queryResults} = (('45909', 'Erik Hendrikx', 'erik_test_toernooi', 'EJIG.EGEH'),)</msg>
<status status="PASS" starttime="20200513 16:18:16.429" endtime="20200513 16:18:16.448"></status>
</kw>
<kw name="Set Test Variable" library="BuiltIn">
<doc>Makes a variable available everywhere within the scope of the current test.</doc>
<arguments>
<arg>${db_licentie1}</arg>
<arg>${queryResults[0][0]}</arg>
</arguments>
<msg timestamp="20200513 16:18:16.450" level="INFO">${db_licentie1} = 45909</msg>
<status status="PASS" starttime="20200513 16:18:16.448" endtime="20200513 16:18:16.450"></status>
</kw>
<kw name="Set Test Variable" library="BuiltIn">
<doc>Makes a variable available everywhere within the scope of the current test.</doc>
<arguments>
<arg>${db_naam1}</arg>
<arg>${queryResults[0][1]}</arg>
</arguments>
<msg timestamp="20200513 16:18:16.452" level="INFO">${db_naam1} = Erik Hendrikx</msg>
<status status="PASS" starttime="20200513 16:18:16.450" endtime="20200513 16:18:16.452"></status>
</kw>
<kw name="Set Test Variable" library="BuiltIn">
<doc>Makes a variable available everywhere within the scope of the current test.</doc>
<arguments>
<arg>${db_toernooi}</arg>
<arg>${queryResults[0][2]}</arg>
</arguments>
<msg timestamp="20200513 16:18:16.454" level="INFO">${db_toernooi} = erik_test_toernooi</msg>
<status status="PASS" starttime="20200513 16:18:16.452" endtime="20200513 16:18:16.454"></status>
</kw>
<kw name="Set Suite Variable" library="BuiltIn">
<doc>Makes a variable available everywhere within the scope of the current suite.</doc>
<arguments>
<arg>${DB_KENMERK}</arg>
<arg>${queryResults[0][3]}</arg>
</arguments>
<msg timestamp="20200513 16:18:16.456" level="INFO">${DB_KENMERK} = EJIG.EGEH</msg>
<status status="PASS" starttime="20200513 16:18:16.455" endtime="20200513 16:18:16.456"></status>
</kw>
<kw name="Should Be Equal As Strings" library="BuiltIn">
<doc>Fails if objects are unequal after converting them to strings.</doc>
<arguments>
<arg>${queryResults[0][0]}</arg>
<arg>${LICENTIE1}</arg>
</arguments>
<status status="PASS" starttime="20200513 16:18:16.457" endtime="20200513 16:18:16.457"></status>
</kw>
<kw name="Log Many" library="BuiltIn">
<doc>Logs the given messages as separate entries using the INFO level.</doc>
<arguments>
<arg>"De gevonden Licentie is"</arg>
<arg>${db_licentie1}</arg>
</arguments>
<msg timestamp="20200513 16:18:16.458" level="INFO">"De gevonden Licentie is"</msg>
<msg timestamp="20200513 16:18:16.458" level="INFO">45909</msg>
<status status="PASS" starttime="20200513 16:18:16.457" endtime="20200513 16:18:16.459"></status>
</kw>
<kw name="Log Many" library="BuiltIn">
<doc>Logs the given messages as separate entries using the INFO level.</doc>
<arguments>
<arg>"De gevonden Naam is"</arg>
<arg>${db_naam1}</arg>
</arguments>
<msg timestamp="20200513 16:18:16.459" level="INFO">"De gevonden Naam is"</msg>
<msg timestamp="20200513 16:18:16.459" level="INFO">Erik Hendrikx</msg>
<status status="PASS" starttime="20200513 16:18:16.459" endtime="20200513 16:18:16.460"></status>
</kw>
<kw name="Log Many" library="BuiltIn">
<doc>Logs the given messages as separate entries using the INFO level.</doc>
<arguments>
<arg>"Het toernooi is"</arg>
<arg>${db_toernooi}</arg>
</arguments>
<msg timestamp="20200513 16:18:16.462" level="INFO">"Het toernooi is"</msg>
<msg timestamp="20200513 16:18:16.462" level="INFO">erik_test_toernooi</msg>
<status status="PASS" starttime="20200513 16:18:16.461" endtime="20200513 16:18:16.462"></status>
</kw>
<kw name="Log Many" library="BuiltIn">
<doc>Logs the given messages as separate entries using the INFO level.</doc>
<arguments>
<arg>"Het kernmerk is"</arg>
<arg>${DB_KENMERK}</arg>
</arguments>
<msg timestamp="20200513 16:18:16.463" level="INFO">"Het kernmerk is"</msg>
<msg timestamp="20200513 16:18:16.463" level="INFO">EJIG.EGEH</msg>
<status status="PASS" starttime="20200513 16:18:16.463" endtime="20200513 16:18:16.463"></status>
</kw>
<status status="PASS" starttime="20200513 16:18:16.428" endtime="20200513 16:18:16.464"></status>
</kw>
<kw name="Disconnect" library="MySql" type="teardown">
<kw name="Disconnect From Database" library="DatabaseLibrary">
<doc>Disconnects from the database.</doc>
<msg timestamp="20200513 16:18:16.466" level="INFO">Executing : Disconnect From Database</msg>
<status status="PASS" starttime="20200513 16:18:16.466" endtime="20200513 16:18:16.467"></status>
</kw>
<status status="PASS" starttime="20200513 16:18:16.465" endtime="20200513 16:18:16.467"></status>
</kw>
<tags>
<tag>Controle</tag>
</tags>
<status status="PASS" starttime="20200513 16:18:16.384" endtime="20200513 16:18:16.468" critical="yes"></status>
</test>
<test id="s1-t3" name="Verwijder inschrijving">
<kw name="Connect" library="MySql" type="setup">
<kw name="Connect To Database" library="DatabaseLibrary">
<doc>Loads the DB API 2.0 module given `dbapiModuleName` then uses it to
connect to the database using `dbName`, `dbUsername`, and `dbPassword`.</doc>
<arguments>
<arg>pymysql</arg>
<arg>${DB_NAME}</arg>
<arg>${DB_USER_NAME}</arg>
<arg>${DB_USER_PASSWORD}</arg>
<arg>${DB_HOST}</arg>
<arg>${DB_PORT}</arg>
</arguments>
<msg timestamp="20200513 16:18:16.476" level="INFO">Connecting using : pymysql.connect(db=u875346739_ontipnlv_db, user=u875346739_ontip, passwd=Obelikx61#, host=45.87.80.101, port=3306, charset=None) </msg>
<status status="PASS" starttime="20200513 16:18:16.474" endtime="20200513 16:18:16.508"></status>
</kw>
<status status="PASS" starttime="20200513 16:18:16.473" endtime="20200513 16:18:16.508"></status>
</kw>
<kw name="Log" library="BuiltIn">
<doc>Logs the given message with the given level.</doc>
<arguments>
<arg>iets</arg>
</arguments>
<msg timestamp="20200513 16:18:16.510" level="INFO">iets</msg>
<status status="PASS" starttime="20200513 16:18:16.509" endtime="20200513 16:18:16.510"></status>
</kw>
<kw name="Verwijder &quot;Inschrijving&quot;" library="MySql">
<kw name="Set Variable" library="BuiltIn">
<doc>Returns the given values which can then be assigned to a variables.</doc>
<arguments>
<arg>Delete FROM inschrijf Where Kenmerk = '${DB_KENMERK}';</arg>
</arguments>
<assign>
<var>${delete_command}</var>
</assign>
<msg timestamp="20200513 16:18:16.513" level="INFO">${delete_command} = Delete FROM inschrijf Where Kenmerk = 'EJIG.EGEH';</msg>
<status status="PASS" starttime="20200513 16:18:16.512" endtime="20200513 16:18:16.513"></status>
</kw>
<kw name="Execute Sql String" library="DatabaseLibrary">
<doc>Executes the sqlString as SQL commands. Useful to pass arguments to your sql. Set optional input `sansTran` to
True to run command without an explicit transaction commit or rollback.</doc>
<arguments>
<arg>${delete_command}</arg>
</arguments>
<msg timestamp="20200513 16:18:16.514" level="INFO">Executing : Execute SQL String  |  Delete FROM inschrijf Where Kenmerk = 'EJIG.EGEH'; </msg>
<status status="PASS" starttime="20200513 16:18:16.514" endtime="20200513 16:18:16.542"></status>
</kw>
<status status="PASS" starttime="20200513 16:18:16.511" endtime="20200513 16:18:16.543"></status>
</kw>
<kw name="Disconnect" library="MySql" type="teardown">
<kw name="Disconnect From Database" library="DatabaseLibrary">
<doc>Disconnects from the database.</doc>
<msg timestamp="20200513 16:18:16.544" level="INFO">Executing : Disconnect From Database</msg>
<status status="PASS" starttime="20200513 16:18:16.544" endtime="20200513 16:18:16.545"></status>
</kw>
<status status="PASS" starttime="20200513 16:18:16.543" endtime="20200513 16:18:16.545"></status>
</kw>
<doc>Verwijder de inschrijving uit de database</doc>
<status status="PASS" starttime="20200513 16:18:16.472" endtime="20200513 16:18:16.546" critical="yes"></status>
</test>
<test id="s1-t4" name="Validate &quot;Verwijder inschrijving&quot;">
<kw name="Connect" library="MySql" type="setup">
<kw name="Connect To Database" library="DatabaseLibrary">
<doc>Loads the DB API 2.0 module given `dbapiModuleName` then uses it to
connect to the database using `dbName`, `dbUsername`, and `dbPassword`.</doc>
<arguments>
<arg>pymysql</arg>
<arg>${DB_NAME}</arg>
<arg>${DB_USER_NAME}</arg>
<arg>${DB_USER_PASSWORD}</arg>
<arg>${DB_HOST}</arg>
<arg>${DB_PORT}</arg>
</arguments>
<msg timestamp="20200513 16:18:16.550" level="INFO">Connecting using : pymysql.connect(db=u875346739_ontipnlv_db, user=u875346739_ontip, passwd=Obelikx61#, host=45.87.80.101, port=3306, charset=None) </msg>
<status status="PASS" starttime="20200513 16:18:16.549" endtime="20200513 16:18:16.581"></status>
</kw>
<status status="PASS" starttime="20200513 16:18:16.548" endtime="20200513 16:18:16.582"></status>
</kw>
<kw name="Log" library="BuiltIn">
<doc>Logs the given message with the given level.</doc>
<arguments>
<arg>iets</arg>
</arguments>
<msg timestamp="20200513 16:18:16.583" level="INFO">iets</msg>
<status status="PASS" starttime="20200513 16:18:16.582" endtime="20200513 16:18:16.583"></status>
</kw>
<kw name="Validate &quot;Verwijder Inschrijving&quot;" library="MySql">
<kw name="Row Count Is 0" library="DatabaseLibrary">
<doc>Check if any rows are returned from the submitted `selectStatement`. If there are, then this will throw an
AssertionError. Set optional input `sansTran` to True to run command without an explicit transaction commit or
rollback.</doc>
<arguments>
<arg>SELECT * FROM inschrijf Where Kenmerk = '${DB_KENMERK}';</arg>
</arguments>
<msg timestamp="20200513 16:18:16.584" level="INFO">Executing : Row Count Is 0  |  SELECT * FROM inschrijf Where Kenmerk = 'EJIG.EGEH'; </msg>
<msg timestamp="20200513 16:18:16.584" level="INFO">Executing : Row Count  |  SELECT * FROM inschrijf Where Kenmerk = 'EJIG.EGEH'; </msg>
<status status="PASS" starttime="20200513 16:18:16.584" endtime="20200513 16:18:16.604"></status>
</kw>
<status status="PASS" starttime="20200513 16:18:16.583" endtime="20200513 16:18:16.605"></status>
</kw>
<kw name="Disconnect" library="MySql" type="teardown">
<kw name="Disconnect From Database" library="DatabaseLibrary">
<doc>Disconnects from the database.</doc>
<msg timestamp="20200513 16:18:16.606" level="INFO">Executing : Disconnect From Database</msg>
<status status="PASS" starttime="20200513 16:18:16.606" endtime="20200513 16:18:16.607"></status>
</kw>
<status status="PASS" starttime="20200513 16:18:16.605" endtime="20200513 16:18:16.608"></status>
</kw>
<status status="PASS" starttime="20200513 16:18:16.547" endtime="20200513 16:18:16.608" critical="yes"></status>
</test>
<doc>De inschrijving wordt gekontroleerd en daarna verwijderd</doc>
<status status="PASS" starttime="20200513 16:18:16.003" endtime="20200513 16:18:16.612"></status>
</suite>
<statistics>
<total>
<stat pass="4" fail="0">Critical Tests</stat>
<stat pass="4" fail="0">All Tests</stat>
</total>
<tag>
<stat pass="1" fail="0">Controle</stat>
</tag>
<suite>
<stat pass="4" fail="0" id="s1" name="CheckInschrijvenToernooi">CheckInschrijvenToernooi</stat>
</suite>
</statistics>
<errors>
</errors>
</robot>
